2023-11-13 13:02:46,695 - basicLogger - INFO - Start Periodic Processing
2023-11-13 13:03:11,022 - basicLogger - ERROR - Failed to get events. Car Status: 500, Bike Status: 500
2023-11-13 13:03:11,022 - basicLogger - INFO - End Periodic Processing
2023-11-13 13:03:11,705 - basicLogger - INFO - Start Periodic Processing
2023-11-13 13:03:35,892 - basicLogger - ERROR - Failed to get events. Car Status: 500, Bike Status: 500
2023-11-13 13:03:35,893 - basicLogger - INFO - End Periodic Processing
2023-11-13 13:03:36,700 - basicLogger - INFO - Start Periodic Processing
2023-11-13 13:04:00,858 - basicLogger - ERROR - Failed to get events. Car Status: 500, Bike Status: 500
2023-11-13 13:04:00,858 - basicLogger - INFO - End Periodic Processing
2023-11-13 13:04:01,696 - basicLogger - INFO - Start Periodic Processing
2023-11-13 13:04:25,869 - basicLogger - ERROR - Failed to get events. Car Status: 500, Bike Status: 500
2023-11-13 13:04:25,869 - basicLogger - INFO - End Periodic Processing
2023-11-13 13:04:26,705 - basicLogger - INFO - Start Periodic Processing
2023-11-13 13:04:50,853 - basicLogger - ERROR - Failed to get events. Car Status: 500, Bike Status: 500
2023-11-13 13:04:50,853 - basicLogger - INFO - End Periodic Processing
2023-11-13 13:04:51,697 - basicLogger - INFO - Start Periodic Processing
2023-11-13 13:05:15,902 - basicLogger - ERROR - Failed to get events. Car Status: 500, Bike Status: 500
2023-11-13 13:05:15,902 - basicLogger - INFO - End Periodic Processing
2023-11-13 13:05:16,694 - basicLogger - INFO - Start Periodic Processing
2023-11-13 13:05:40,893 - basicLogger - ERROR - Failed to get events. Car Status: 500, Bike Status: 500
2023-11-13 13:05:40,894 - basicLogger - INFO - End Periodic Processing
2023-11-13 13:05:41,694 - basicLogger - INFO - Start Periodic Processing
2023-11-13 13:06:05,859 - basicLogger - ERROR - Failed to get events. Car Status: 500, Bike Status: 500
2023-11-13 13:06:05,860 - basicLogger - INFO - End Periodic Processing
2023-11-13 13:06:06,692 - basicLogger - INFO - Start Periodic Processing
2023-11-13 13:06:30,870 - basicLogger - ERROR - Failed to get events. Car Status: 500, Bike Status: 500
2023-11-13 13:06:30,870 - basicLogger - INFO - End Periodic Processing
2023-11-13 13:06:31,697 - basicLogger - INFO - Start Periodic Processing
2023-11-13 13:06:46,041 - basicLogger - ERROR - Failed to get events. Car Status: 500, Bike Status: 500
2023-11-13 13:06:46,041 - basicLogger - INFO - End Periodic Processing
2023-11-13 13:06:46,696 - basicLogger - INFO - Start Periodic Processing
2023-11-13 13:06:55,748 - basicLogger - ERROR - Failed to get events. Car Status: 500, Bike Status: 500
2023-11-13 13:06:55,748 - basicLogger - INFO - End Periodic Processing
2023-11-13 13:06:56,696 - basicLogger - INFO - Start Periodic Processing
2023-11-13 13:07:05,747 - basicLogger - ERROR - Failed to get events. Car Status: 500, Bike Status: 500
2023-11-13 13:07:05,747 - basicLogger - INFO - End Periodic Processing
2023-11-13 13:07:06,693 - basicLogger - INFO - Start Periodic Processing
2023-11-13 13:07:15,670 - basicLogger - ERROR - Failed to get events. Car Status: 500, Bike Status: 500
2023-11-13 13:07:15,671 - basicLogger - INFO - End Periodic Processing
2023-11-13 13:07:16,695 - basicLogger - INFO - Start Periodic Processing
2023-11-13 13:07:25,662 - basicLogger - ERROR - Failed to get events. Car Status: 500, Bike Status: 500
2023-11-13 13:07:25,663 - basicLogger - INFO - End Periodic Processing
2023-11-13 13:07:26,702 - basicLogger - INFO - Start Periodic Processing
2023-11-13 13:07:36,741 - basicLogger - ERROR - Failed to get events. Car Status: 500, Bike Status: 500
2023-11-13 13:07:36,742 - basicLogger - INFO - End Periodic Processing
2023-11-13 13:07:41,701 - basicLogger - INFO - Start Periodic Processing
2023-11-13 13:07:46,335 - basicLogger - ERROR - Failed to get events. Car Status: 500, Bike Status: 500
2023-11-13 13:07:46,335 - basicLogger - INFO - End Periodic Processing
2023-11-13 13:07:46,696 - basicLogger - INFO - Start Periodic Processing
2023-11-13 13:07:51,270 - basicLogger - ERROR - Failed to get events. Car Status: 500, Bike Status: 500
2023-11-13 13:07:51,270 - basicLogger - INFO - End Periodic Processing
2023-11-13 13:07:51,698 - basicLogger - INFO - Start Periodic Processing
2023-11-13 13:07:56,295 - basicLogger - ERROR - Failed to get events. Car Status: 500, Bike Status: 500
2023-11-13 13:07:56,295 - basicLogger - INFO - End Periodic Processing
2023-11-13 13:07:56,698 - basicLogger - INFO - Start Periodic Processing
2023-11-13 13:08:01,269 - basicLogger - ERROR - Failed to get events. Car Status: 500, Bike Status: 500
2023-11-13 13:08:01,269 - basicLogger - INFO - End Periodic Processing
2023-11-13 13:08:01,703 - basicLogger - INFO - Start Periodic Processing
2023-11-13 13:08:06,314 - basicLogger - ERROR - Failed to get events. Car Status: 500, Bike Status: 500
2023-11-13 13:08:06,315 - basicLogger - INFO - End Periodic Processing
2023-11-13 13:08:06,698 - basicLogger - INFO - Start Periodic Processing
2023-11-13 13:08:11,298 - basicLogger - ERROR - Failed to get events. Car Status: 500, Bike Status: 500
2023-11-13 13:08:11,300 - basicLogger - INFO - End Periodic Processing
2023-11-13 13:08:11,695 - basicLogger - INFO - Start Periodic Processing
2023-11-13 13:08:16,303 - basicLogger - ERROR - Failed to get events. Car Status: 500, Bike Status: 500
2023-11-13 13:08:16,304 - basicLogger - INFO - End Periodic Processing
2023-11-13 13:08:16,695 - basicLogger - INFO - Start Periodic Processing
2023-11-13 13:08:21,298 - basicLogger - ERROR - Failed to get events. Car Status: 500, Bike Status: 500
2023-11-13 13:08:21,299 - basicLogger - INFO - End Periodic Processing
2023-11-13 13:08:21,700 - basicLogger - INFO - Start Periodic Processing
2023-11-13 13:08:26,264 - basicLogger - ERROR - Failed to get events. Car Status: 500, Bike Status: 500
2023-11-13 13:08:26,264 - basicLogger - INFO - End Periodic Processing
2023-11-13 13:08:26,707 - basicLogger - INFO - Start Periodic Processing
2023-11-13 13:08:31,299 - basicLogger - ERROR - Failed to get events. Car Status: 500, Bike Status: 500
2023-11-13 13:08:31,299 - basicLogger - INFO - End Periodic Processing
2023-11-13 13:08:31,696 - basicLogger - INFO - Start Periodic Processing
2023-11-13 13:08:36,283 - basicLogger - ERROR - Failed to get events. Car Status: 500, Bike Status: 500
2023-11-13 13:08:36,283 - basicLogger - INFO - End Periodic Processing
2023-11-13 13:08:36,699 - basicLogger - INFO - Start Periodic Processing
2023-11-13 13:08:41,311 - basicLogger - ERROR - Failed to get events. Car Status: 500, Bike Status: 500
2023-11-13 13:08:41,312 - basicLogger - INFO - End Periodic Processing
2023-11-13 13:08:41,693 - basicLogger - INFO - Start Periodic Processing
2023-11-13 13:08:46,306 - basicLogger - ERROR - Failed to get events. Car Status: 500, Bike Status: 500
2023-11-13 13:08:46,306 - basicLogger - INFO - End Periodic Processing
2023-11-13 13:08:46,702 - basicLogger - INFO - Start Periodic Processing
2023-11-13 13:08:51,304 - basicLogger - ERROR - Failed to get events. Car Status: 500, Bike Status: 500
2023-11-13 13:08:51,304 - basicLogger - INFO - End Periodic Processing
2023-11-13 13:08:51,695 - basicLogger - INFO - Start Periodic Processing
2023-11-13 13:08:56,319 - basicLogger - ERROR - Failed to get events. Car Status: 500, Bike Status: 500
2023-11-13 13:08:56,319 - basicLogger - INFO - End Periodic Processing
2023-11-13 13:08:56,701 - basicLogger - INFO - Start Periodic Processing
2023-11-13 13:09:01,309 - basicLogger - ERROR - Failed to get events. Car Status: 500, Bike Status: 500
2023-11-13 13:09:01,309 - basicLogger - INFO - End Periodic Processing
2023-11-13 13:09:01,705 - basicLogger - INFO - Start Periodic Processing
2023-11-13 13:09:06,323 - basicLogger - ERROR - Failed to get events. Car Status: 500, Bike Status: 500
2023-11-13 13:09:06,323 - basicLogger - INFO - End Periodic Processing
2023-11-13 13:09:06,694 - basicLogger - INFO - Start Periodic Processing
2023-11-13 13:09:11,320 - basicLogger - ERROR - Failed to get events. Car Status: 500, Bike Status: 500
2023-11-13 13:09:11,320 - basicLogger - INFO - End Periodic Processing
2023-11-13 13:09:11,702 - basicLogger - INFO - Start Periodic Processing
2023-11-13 13:09:16,292 - basicLogger - ERROR - Failed to get events. Car Status: 500, Bike Status: 500
2023-11-13 13:09:16,292 - basicLogger - INFO - End Periodic Processing
2023-11-13 13:09:16,695 - basicLogger - INFO - Start Periodic Processing
2023-11-13 13:09:21,300 - basicLogger - ERROR - Failed to get events. Car Status: 500, Bike Status: 500
2023-11-13 13:09:21,300 - basicLogger - INFO - End Periodic Processing
2023-11-13 13:09:21,696 - basicLogger - INFO - Start Periodic Processing
2023-11-13 13:09:26,693 - basicLogger - INFO - Start Periodic Processing
2023-11-13 13:09:31,698 - basicLogger - INFO - Start Periodic Processing
2023-11-13 13:09:36,700 - basicLogger - INFO - Start Periodic Processing
2023-11-13 13:09:41,706 - basicLogger - INFO - Start Periodic Processing
2023-11-13 13:09:46,699 - basicLogger - INFO - Start Periodic Processing
2023-11-13 13:09:51,705 - basicLogger - INFO - Start Periodic Processing
2023-11-13 13:09:56,696 - basicLogger - INFO - Start Periodic Processing
2023-11-13 13:10:01,693 - basicLogger - INFO - Start Periodic Processing
2023-11-13 13:10:06,703 - basicLogger - INFO - Start Periodic Processing
2023-11-13 13:10:11,705 - basicLogger - INFO - Start Periodic Processing
2023-11-13 13:10:16,694 - basicLogger - INFO - Start Periodic Processing
2023-11-13 13:10:21,692 - basicLogger - INFO - Start Periodic Processing
2023-11-13 13:10:26,695 - basicLogger - INFO - Start Periodic Processing
2023-11-13 13:10:31,703 - basicLogger - INFO - Start Periodic Processing
2023-11-13 13:10:36,706 - basicLogger - INFO - Start Periodic Processing
2023-11-13 13:10:41,696 - basicLogger - INFO - Start Periodic Processing
2023-11-13 13:10:46,700 - basicLogger - INFO - Start Periodic Processing
2023-11-13 13:10:52,155 - basicLogger - INFO - Received 51 car events and 51 bike events
2023-11-13 13:10:52,156 - basicLogger - DEBUG - Updated Stats: {'num_car_parkings': 51, 'max_car_cost': 9924, 'num_bike_events': 51, 'max_bike_cost': 12, 'last_updated': '2023-11-13T13:10:46Z'}
2023-11-13 13:10:52,156 - basicLogger - INFO - End Periodic Processing
2023-11-13 13:10:56,691 - basicLogger - INFO - Start Periodic Processing
2023-11-13 13:11:01,210 - basicLogger - INFO - Received 0 car events and 0 bike events
2023-11-13 13:11:01,211 - basicLogger - DEBUG - Updated Stats: {'num_car_parkings': 51, 'max_car_cost': 9924, 'num_bike_events': 51, 'max_bike_cost': 12, 'last_updated': '2023-11-13T13:10:56Z'}
2023-11-13 13:11:01,211 - basicLogger - INFO - End Periodic Processing
2023-11-13 13:11:01,703 - basicLogger - INFO - Start Periodic Processing
2023-11-13 13:11:06,247 - basicLogger - INFO - Received 0 car events and 0 bike events
2023-11-13 13:11:06,247 - basicLogger - DEBUG - Updated Stats: {'num_car_parkings': 51, 'max_car_cost': 9924, 'num_bike_events': 51, 'max_bike_cost': 12, 'last_updated': '2023-11-13T13:11:01Z'}
2023-11-13 13:11:06,248 - basicLogger - INFO - End Periodic Processing
2023-11-13 13:11:06,700 - basicLogger - INFO - Start Periodic Processing
2023-11-13 13:11:11,230 - basicLogger - INFO - Received 0 car events and 0 bike events
2023-11-13 13:11:11,231 - basicLogger - DEBUG - Updated Stats: {'num_car_parkings': 51, 'max_car_cost': 9924, 'num_bike_events': 51, 'max_bike_cost': 12, 'last_updated': '2023-11-13T13:11:06Z'}
2023-11-13 13:11:11,231 - basicLogger - INFO - End Periodic Processing
2023-11-13 13:11:11,700 - basicLogger - INFO - Start Periodic Processing
2023-11-13 13:11:16,207 - basicLogger - INFO - Received 0 car events and 0 bike events
2023-11-13 13:11:16,208 - basicLogger - DEBUG - Updated Stats: {'num_car_parkings': 51, 'max_car_cost': 9924, 'num_bike_events': 51, 'max_bike_cost': 12, 'last_updated': '2023-11-13T13:11:11Z'}
2023-11-13 13:11:16,208 - basicLogger - INFO - End Periodic Processing
2023-11-13 13:11:16,697 - basicLogger - INFO - Start Periodic Processing
2023-11-13 13:11:21,200 - basicLogger - INFO - Received 0 car events and 0 bike events
2023-11-13 13:11:21,201 - basicLogger - DEBUG - Updated Stats: {'num_car_parkings': 51, 'max_car_cost': 9924, 'num_bike_events': 51, 'max_bike_cost': 12, 'last_updated': '2023-11-13T13:11:16Z'}
2023-11-13 13:11:21,201 - basicLogger - INFO - End Periodic Processing
2023-11-13 13:11:21,695 - basicLogger - INFO - Start Periodic Processing
2023-11-13 13:11:26,216 - basicLogger - INFO - Received 0 car events and 0 bike events
2023-11-13 13:11:26,217 - basicLogger - DEBUG - Updated Stats: {'num_car_parkings': 51, 'max_car_cost': 9924, 'num_bike_events': 51, 'max_bike_cost': 12, 'last_updated': '2023-11-13T13:11:21Z'}
2023-11-13 13:11:26,217 - basicLogger - INFO - End Periodic Processing
2023-11-13 13:11:26,700 - basicLogger - INFO - Start Periodic Processing
2023-11-13 13:11:31,240 - basicLogger - INFO - Received 0 car events and 0 bike events
2023-11-13 13:11:31,241 - basicLogger - DEBUG - Updated Stats: {'num_car_parkings': 51, 'max_car_cost': 9924, 'num_bike_events': 51, 'max_bike_cost': 12, 'last_updated': '2023-11-13T13:11:26Z'}
2023-11-13 13:11:31,241 - basicLogger - INFO - End Periodic Processing
2023-11-13 13:11:31,702 - basicLogger - INFO - Start Periodic Processing
2023-11-13 13:11:36,226 - basicLogger - INFO - Received 0 car events and 0 bike events
2023-11-13 13:11:36,227 - basicLogger - DEBUG - Updated Stats: {'num_car_parkings': 51, 'max_car_cost': 9924, 'num_bike_events': 51, 'max_bike_cost': 12, 'last_updated': '2023-11-13T13:11:31Z'}
2023-11-13 13:11:36,227 - basicLogger - INFO - End Periodic Processing
2023-11-13 13:11:36,703 - basicLogger - INFO - Start Periodic Processing
2023-11-13 13:11:41,262 - basicLogger - INFO - Received 0 car events and 0 bike events
2023-11-13 13:11:41,263 - basicLogger - DEBUG - Updated Stats: {'num_car_parkings': 51, 'max_car_cost': 9924, 'num_bike_events': 51, 'max_bike_cost': 12, 'last_updated': '2023-11-13T13:11:36Z'}
2023-11-13 13:11:41,263 - basicLogger - INFO - End Periodic Processing
2023-11-13 13:11:41,703 - basicLogger - INFO - Start Periodic Processing
2023-11-13 13:11:46,254 - basicLogger - INFO - Received 0 car events and 0 bike events
2023-11-13 13:11:46,255 - basicLogger - DEBUG - Updated Stats: {'num_car_parkings': 51, 'max_car_cost': 9924, 'num_bike_events': 51, 'max_bike_cost': 12, 'last_updated': '2023-11-13T13:11:41Z'}
2023-11-13 13:11:46,256 - basicLogger - INFO - End Periodic Processing
2023-11-13 13:11:46,704 - basicLogger - INFO - Start Periodic Processing
2023-11-13 13:11:51,210 - basicLogger - INFO - Received 0 car events and 0 bike events
2023-11-13 13:11:51,211 - basicLogger - DEBUG - Updated Stats: {'num_car_parkings': 51, 'max_car_cost': 9924, 'num_bike_events': 51, 'max_bike_cost': 12, 'last_updated': '2023-11-13T13:11:46Z'}
2023-11-13 13:11:51,211 - basicLogger - INFO - End Periodic Processing
2023-11-13 13:11:51,694 - basicLogger - INFO - Start Periodic Processing
2023-11-13 13:11:56,214 - basicLogger - INFO - Received 0 car events and 0 bike events
2023-11-13 13:11:56,214 - basicLogger - DEBUG - Updated Stats: {'num_car_parkings': 51, 'max_car_cost': 9924, 'num_bike_events': 51, 'max_bike_cost': 12, 'last_updated': '2023-11-13T13:11:51Z'}
2023-11-13 13:11:56,218 - basicLogger - INFO - End Periodic Processing
2023-11-13 13:11:56,697 - basicLogger - INFO - Start Periodic Processing
2023-11-13 13:12:01,240 - basicLogger - INFO - Received 0 car events and 0 bike events
2023-11-13 13:12:01,241 - basicLogger - DEBUG - Updated Stats: {'num_car_parkings': 51, 'max_car_cost': 9924, 'num_bike_events': 51, 'max_bike_cost': 12, 'last_updated': '2023-11-13T13:11:56Z'}
2023-11-13 13:12:01,241 - basicLogger - INFO - End Periodic Processing
2023-11-13 13:12:01,697 - basicLogger - INFO - Start Periodic Processing
2023-11-13 13:12:06,236 - basicLogger - INFO - Received 0 car events and 0 bike events
2023-11-13 13:12:06,236 - basicLogger - DEBUG - Updated Stats: {'num_car_parkings': 51, 'max_car_cost': 9924, 'num_bike_events': 51, 'max_bike_cost': 12, 'last_updated': '2023-11-13T13:12:01Z'}
2023-11-13 13:12:06,237 - basicLogger - INFO - End Periodic Processing
2023-11-13 13:12:06,704 - basicLogger - INFO - Start Periodic Processing
2023-11-13 13:12:11,240 - basicLogger - INFO - Received 0 car events and 0 bike events
2023-11-13 13:12:11,241 - basicLogger - DEBUG - Updated Stats: {'num_car_parkings': 51, 'max_car_cost': 9924, 'num_bike_events': 51, 'max_bike_cost': 12, 'last_updated': '2023-11-13T13:12:06Z'}
2023-11-13 13:12:11,241 - basicLogger - INFO - End Periodic Processing
2023-11-13 13:12:11,692 - basicLogger - INFO - Start Periodic Processing
2023-11-13 13:12:16,235 - basicLogger - INFO - Received 0 car events and 0 bike events
2023-11-13 13:12:16,236 - basicLogger - DEBUG - Updated Stats: {'num_car_parkings': 51, 'max_car_cost': 9924, 'num_bike_events': 51, 'max_bike_cost': 12, 'last_updated': '2023-11-13T13:12:11Z'}
2023-11-13 13:12:16,237 - basicLogger - INFO - End Periodic Processing
2023-11-13 13:12:16,702 - basicLogger - INFO - Start Periodic Processing
2023-11-13 13:12:21,230 - basicLogger - INFO - Received 0 car events and 0 bike events
2023-11-13 13:12:21,231 - basicLogger - DEBUG - Updated Stats: {'num_car_parkings': 51, 'max_car_cost': 9924, 'num_bike_events': 51, 'max_bike_cost': 12, 'last_updated': '2023-11-13T13:12:16Z'}
2023-11-13 13:12:21,231 - basicLogger - INFO - End Periodic Processing
2023-11-13 13:12:21,708 - basicLogger - INFO - Start Periodic Processing
2023-11-13 13:12:26,214 - basicLogger - INFO - Received 0 car events and 0 bike events
2023-11-13 13:12:26,215 - basicLogger - DEBUG - Updated Stats: {'num_car_parkings': 51, 'max_car_cost': 9924, 'num_bike_events': 51, 'max_bike_cost': 12, 'last_updated': '2023-11-13T13:12:21Z'}
2023-11-13 13:12:26,216 - basicLogger - INFO - End Periodic Processing
2023-11-13 13:12:26,704 - basicLogger - INFO - Start Periodic Processing
2023-11-13 13:12:31,250 - basicLogger - INFO - Received 0 car events and 0 bike events
2023-11-13 13:12:31,251 - basicLogger - DEBUG - Updated Stats: {'num_car_parkings': 51, 'max_car_cost': 9924, 'num_bike_events': 51, 'max_bike_cost': 12, 'last_updated': '2023-11-13T13:12:26Z'}
2023-11-13 13:12:31,251 - basicLogger - INFO - End Periodic Processing
2023-11-13 13:12:31,699 - basicLogger - INFO - Start Periodic Processing
2023-11-13 13:12:36,701 - basicLogger - INFO - Start Periodic Processing
2023-11-13 13:12:41,704 - basicLogger - INFO - Start Periodic Processing
2023-11-15 19:23:09,111 - basicLogger - INFO - Start Periodic Processing
2023-11-15 19:23:18,628 - basicLogger - ERROR - Failed to get events. Car Status: 500, Bike Status: 500
2023-11-15 19:23:18,628 - basicLogger - INFO - End Periodic Processing
2023-11-15 19:23:19,105 - basicLogger - INFO - Start Periodic Processing
2023-11-15 19:23:28,194 - basicLogger - ERROR - Failed to get events. Car Status: 500, Bike Status: 500
2023-11-15 19:23:28,194 - basicLogger - INFO - End Periodic Processing
2023-11-15 19:23:29,114 - basicLogger - INFO - Start Periodic Processing
2023-11-15 19:23:38,200 - basicLogger - ERROR - Failed to get events. Car Status: 500, Bike Status: 500
2023-11-15 19:23:38,200 - basicLogger - INFO - End Periodic Processing
2023-11-15 19:23:39,102 - basicLogger - INFO - Start Periodic Processing
2023-11-15 19:23:48,188 - basicLogger - ERROR - Failed to get events. Car Status: 500, Bike Status: 500
2023-11-15 19:23:48,188 - basicLogger - INFO - End Periodic Processing
2023-11-15 19:23:49,111 - basicLogger - INFO - Start Periodic Processing
2023-11-15 19:23:59,570 - basicLogger - ERROR - Failed to get events. Car Status: 500, Bike Status: 200
2023-11-15 19:23:59,571 - basicLogger - INFO - End Periodic Processing
2023-11-15 19:24:04,115 - basicLogger - INFO - Start Periodic Processing
2023-11-15 19:24:08,720 - basicLogger - INFO - Received 0 car events and 0 bike events
2023-11-15 19:24:08,721 - basicLogger - DEBUG - Updated Stats: {'num_car_parkings': 51, 'max_car_cost': 9924, 'num_bike_events': 51, 'max_bike_cost': 12, 'last_updated': '2023-11-15T19:24:04Z'}
2023-11-15 19:24:08,721 - basicLogger - INFO - End Periodic Processing
2023-11-15 19:24:09,104 - basicLogger - INFO - Start Periodic Processing
2023-11-15 19:24:13,773 - basicLogger - INFO - Received 0 car events and 0 bike events
2023-11-15 19:24:13,773 - basicLogger - DEBUG - Updated Stats: {'num_car_parkings': 51, 'max_car_cost': 9924, 'num_bike_events': 51, 'max_bike_cost': 12, 'last_updated': '2023-11-15T19:24:09Z'}
2023-11-15 19:24:13,774 - basicLogger - INFO - End Periodic Processing
2023-11-15 19:24:14,116 - basicLogger - INFO - Start Periodic Processing
2023-11-15 19:24:18,711 - basicLogger - INFO - Received 0 car events and 0 bike events
2023-11-15 19:24:18,712 - basicLogger - DEBUG - Updated Stats: {'num_car_parkings': 51, 'max_car_cost': 9924, 'num_bike_events': 51, 'max_bike_cost': 12, 'last_updated': '2023-11-15T19:24:14Z'}
2023-11-15 19:24:18,712 - basicLogger - INFO - End Periodic Processing
2023-11-15 19:24:19,110 - basicLogger - INFO - Start Periodic Processing
2023-11-15 19:24:23,738 - basicLogger - INFO - Received 0 car events and 0 bike events
2023-11-15 19:24:23,738 - basicLogger - DEBUG - Updated Stats: {'num_car_parkings': 51, 'max_car_cost': 9924, 'num_bike_events': 51, 'max_bike_cost': 12, 'last_updated': '2023-11-15T19:24:19Z'}
2023-11-15 19:24:23,738 - basicLogger - INFO - End Periodic Processing
2023-11-15 19:24:24,108 - basicLogger - INFO - Start Periodic Processing
2023-11-15 19:24:28,708 - basicLogger - INFO - Received 0 car events and 0 bike events
2023-11-15 19:24:28,708 - basicLogger - DEBUG - Updated Stats: {'num_car_parkings': 51, 'max_car_cost': 9924, 'num_bike_events': 51, 'max_bike_cost': 12, 'last_updated': '2023-11-15T19:24:24Z'}
2023-11-15 19:24:28,709 - basicLogger - INFO - End Periodic Processing
2023-11-15 19:24:29,103 - basicLogger - INFO - Start Periodic Processing
2023-11-15 19:24:33,681 - basicLogger - INFO - Received 0 car events and 0 bike events
2023-11-15 19:24:33,682 - basicLogger - DEBUG - Updated Stats: {'num_car_parkings': 51, 'max_car_cost': 9924, 'num_bike_events': 51, 'max_bike_cost': 12, 'last_updated': '2023-11-15T19:24:29Z'}
2023-11-15 19:24:33,683 - basicLogger - INFO - End Periodic Processing
2023-11-15 19:24:34,117 - basicLogger - INFO - Start Periodic Processing
2023-11-15 19:24:38,766 - basicLogger - INFO - Received 0 car events and 0 bike events
2023-11-15 19:24:38,767 - basicLogger - DEBUG - Updated Stats: {'num_car_parkings': 51, 'max_car_cost': 9924, 'num_bike_events': 51, 'max_bike_cost': 12, 'last_updated': '2023-11-15T19:24:34Z'}
2023-11-15 19:24:38,768 - basicLogger - INFO - End Periodic Processing
2023-11-15 19:24:39,112 - basicLogger - INFO - Start Periodic Processing
2023-11-15 19:24:43,787 - basicLogger - INFO - Received 0 car events and 0 bike events
2023-11-15 19:24:43,788 - basicLogger - DEBUG - Updated Stats: {'num_car_parkings': 51, 'max_car_cost': 9924, 'num_bike_events': 51, 'max_bike_cost': 12, 'last_updated': '2023-11-15T19:24:39Z'}
2023-11-15 19:24:43,788 - basicLogger - INFO - End Periodic Processing
2023-11-15 19:24:44,105 - basicLogger - INFO - Start Periodic Processing
2023-11-15 19:24:49,090 - basicLogger - INFO - Received 0 car events and 0 bike events
2023-11-15 19:24:49,100 - basicLogger - DEBUG - Updated Stats: {'num_car_parkings': 51, 'max_car_cost': 9924, 'num_bike_events': 51, 'max_bike_cost': 12, 'last_updated': '2023-11-15T19:24:44Z'}
2023-11-15 19:24:49,100 - basicLogger - INFO - End Periodic Processing
2023-11-15 19:24:49,117 - basicLogger - INFO - Start Periodic Processing
2023-11-15 19:24:54,537 - basicLogger - INFO - Received 0 car events and 0 bike events
2023-11-15 19:24:54,538 - basicLogger - DEBUG - Updated Stats: {'num_car_parkings': 51, 'max_car_cost': 9924, 'num_bike_events': 51, 'max_bike_cost': 12, 'last_updated': '2023-11-15T19:24:49Z'}
2023-11-15 19:24:54,538 - basicLogger - INFO - End Periodic Processing
2023-11-15 19:24:59,110 - basicLogger - INFO - Start Periodic Processing
2023-11-15 19:25:04,044 - basicLogger - INFO - Received 0 car events and 0 bike events
2023-11-15 19:25:04,044 - basicLogger - DEBUG - Updated Stats: {'num_car_parkings': 51, 'max_car_cost': 9924, 'num_bike_events': 51, 'max_bike_cost': 12, 'last_updated': '2023-11-15T19:24:59Z'}
2023-11-15 19:25:04,045 - basicLogger - INFO - End Periodic Processing
2023-11-15 19:25:04,106 - basicLogger - INFO - Start Periodic Processing
2023-11-15 19:25:08,701 - basicLogger - INFO - Received 0 car events and 0 bike events
2023-11-15 19:25:08,702 - basicLogger - DEBUG - Updated Stats: {'num_car_parkings': 51, 'max_car_cost': 9924, 'num_bike_events': 51, 'max_bike_cost': 12, 'last_updated': '2023-11-15T19:25:04Z'}
2023-11-15 19:25:08,703 - basicLogger - INFO - End Periodic Processing
2023-11-15 19:25:09,102 - basicLogger - INFO - Start Periodic Processing
2023-11-15 19:25:13,697 - basicLogger - INFO - Received 0 car events and 0 bike events
2023-11-15 19:25:13,698 - basicLogger - DEBUG - Updated Stats: {'num_car_parkings': 51, 'max_car_cost': 9924, 'num_bike_events': 51, 'max_bike_cost': 12, 'last_updated': '2023-11-15T19:25:09Z'}
2023-11-15 19:25:13,698 - basicLogger - INFO - End Periodic Processing
2023-11-15 19:25:14,108 - basicLogger - INFO - Start Periodic Processing
2023-11-15 19:25:18,727 - basicLogger - INFO - Received 0 car events and 0 bike events
2023-11-15 19:25:18,728 - basicLogger - DEBUG - Updated Stats: {'num_car_parkings': 51, 'max_car_cost': 9924, 'num_bike_events': 51, 'max_bike_cost': 12, 'last_updated': '2023-11-15T19:25:14Z'}
2023-11-15 19:25:18,728 - basicLogger - INFO - End Periodic Processing
2023-11-15 19:25:19,105 - basicLogger - INFO - Start Periodic Processing
2023-11-15 19:25:24,045 - basicLogger - INFO - Received 0 car events and 0 bike events
2023-11-15 19:25:24,046 - basicLogger - DEBUG - Updated Stats: {'num_car_parkings': 51, 'max_car_cost': 9924, 'num_bike_events': 51, 'max_bike_cost': 12, 'last_updated': '2023-11-15T19:25:19Z'}
2023-11-15 19:25:24,046 - basicLogger - INFO - End Periodic Processing
2023-11-15 19:25:24,105 - basicLogger - INFO - Start Periodic Processing
2023-11-15 19:25:28,727 - basicLogger - INFO - Received 0 car events and 0 bike events
2023-11-15 19:25:28,727 - basicLogger - DEBUG - Updated Stats: {'num_car_parkings': 51, 'max_car_cost': 9924, 'num_bike_events': 51, 'max_bike_cost': 12, 'last_updated': '2023-11-15T19:25:24Z'}
2023-11-15 19:25:28,727 - basicLogger - INFO - End Periodic Processing
2023-11-15 19:25:29,108 - basicLogger - INFO - Start Periodic Processing
2023-11-15 19:25:33,726 - basicLogger - INFO - Received 0 car events and 0 bike events
2023-11-15 19:25:33,727 - basicLogger - DEBUG - Updated Stats: {'num_car_parkings': 51, 'max_car_cost': 9924, 'num_bike_events': 51, 'max_bike_cost': 12, 'last_updated': '2023-11-15T19:25:29Z'}
2023-11-15 19:25:33,727 - basicLogger - INFO - End Periodic Processing
2023-11-15 19:25:34,112 - basicLogger - INFO - Start Periodic Processing
2023-11-15 19:25:39,043 - basicLogger - INFO - Received 0 car events and 0 bike events
2023-11-15 19:25:39,043 - basicLogger - DEBUG - Updated Stats: {'num_car_parkings': 51, 'max_car_cost': 9924, 'num_bike_events': 51, 'max_bike_cost': 12, 'last_updated': '2023-11-15T19:25:34Z'}
2023-11-15 19:25:39,044 - basicLogger - INFO - End Periodic Processing
2023-11-15 19:25:39,110 - basicLogger - INFO - Start Periodic Processing
2023-11-15 19:25:43,713 - basicLogger - INFO - Received 0 car events and 0 bike events
2023-11-15 19:25:43,714 - basicLogger - DEBUG - Updated Stats: {'num_car_parkings': 51, 'max_car_cost': 9924, 'num_bike_events': 51, 'max_bike_cost': 12, 'last_updated': '2023-11-15T19:25:39Z'}
2023-11-15 19:25:43,715 - basicLogger - INFO - End Periodic Processing
2023-11-15 19:25:44,102 - basicLogger - INFO - Start Periodic Processing
2023-11-15 19:25:48,699 - basicLogger - INFO - Received 0 car events and 0 bike events
2023-11-15 19:25:48,700 - basicLogger - DEBUG - Updated Stats: {'num_car_parkings': 51, 'max_car_cost': 9924, 'num_bike_events': 51, 'max_bike_cost': 12, 'last_updated': '2023-11-15T19:25:44Z'}
2023-11-15 19:25:48,700 - basicLogger - INFO - End Periodic Processing
2023-11-15 19:25:49,105 - basicLogger - INFO - Start Periodic Processing
2023-11-15 19:25:53,748 - basicLogger - INFO - Received 0 car events and 0 bike events
2023-11-15 19:25:53,748 - basicLogger - DEBUG - Updated Stats: {'num_car_parkings': 51, 'max_car_cost': 9924, 'num_bike_events': 51, 'max_bike_cost': 12, 'last_updated': '2023-11-15T19:25:49Z'}
2023-11-15 19:25:53,748 - basicLogger - INFO - End Periodic Processing
2023-11-15 19:25:54,106 - basicLogger - INFO - Start Periodic Processing
2023-11-15 19:25:58,784 - basicLogger - INFO - Received 0 car events and 0 bike events
2023-11-15 19:25:58,785 - basicLogger - DEBUG - Updated Stats: {'num_car_parkings': 51, 'max_car_cost': 9924, 'num_bike_events': 51, 'max_bike_cost': 12, 'last_updated': '2023-11-15T19:25:54Z'}
2023-11-15 19:25:58,785 - basicLogger - INFO - End Periodic Processing
2023-11-15 19:25:59,102 - basicLogger - INFO - Start Periodic Processing
2023-11-15 19:26:03,721 - basicLogger - INFO - Received 0 car events and 0 bike events
2023-11-15 19:26:03,722 - basicLogger - DEBUG - Updated Stats: {'num_car_parkings': 51, 'max_car_cost': 9924, 'num_bike_events': 51, 'max_bike_cost': 12, 'last_updated': '2023-11-15T19:25:59Z'}
2023-11-15 19:26:03,723 - basicLogger - INFO - End Periodic Processing
2023-11-15 19:26:04,114 - basicLogger - INFO - Start Periodic Processing
2023-11-15 19:26:08,732 - basicLogger - INFO - Received 0 car events and 0 bike events
2023-11-15 19:26:08,732 - basicLogger - DEBUG - Updated Stats: {'num_car_parkings': 51, 'max_car_cost': 9924, 'num_bike_events': 51, 'max_bike_cost': 12, 'last_updated': '2023-11-15T19:26:04Z'}
2023-11-15 19:26:08,733 - basicLogger - INFO - End Periodic Processing
2023-11-15 19:26:09,110 - basicLogger - INFO - Start Periodic Processing
2023-11-15 19:26:13,744 - basicLogger - INFO - Received 0 car events and 0 bike events
2023-11-15 19:26:13,745 - basicLogger - DEBUG - Updated Stats: {'num_car_parkings': 51, 'max_car_cost': 9924, 'num_bike_events': 51, 'max_bike_cost': 12, 'last_updated': '2023-11-15T19:26:09Z'}
2023-11-15 19:26:13,745 - basicLogger - INFO - End Periodic Processing
2023-11-15 19:26:14,114 - basicLogger - INFO - Start Periodic Processing
2023-11-15 19:26:19,102 - basicLogger - INFO - Received 0 car events and 0 bike events
2023-11-15 19:26:19,103 - basicLogger - DEBUG - Updated Stats: {'num_car_parkings': 51, 'max_car_cost': 9924, 'num_bike_events': 51, 'max_bike_cost': 12, 'last_updated': '2023-11-15T19:26:14Z'}
2023-11-15 19:26:19,103 - basicLogger - INFO - End Periodic Processing
2023-11-15 19:26:24,105 - basicLogger - INFO - Start Periodic Processing
2023-11-15 19:26:28,704 - basicLogger - INFO - Received 0 car events and 0 bike events
2023-11-15 19:26:28,705 - basicLogger - DEBUG - Updated Stats: {'num_car_parkings': 51, 'max_car_cost': 9924, 'num_bike_events': 51, 'max_bike_cost': 12, 'last_updated': '2023-11-15T19:26:24Z'}
2023-11-15 19:26:28,706 - basicLogger - INFO - End Periodic Processing
2023-11-15 19:26:29,102 - basicLogger - INFO - Start Periodic Processing
2023-11-15 19:26:33,710 - basicLogger - INFO - Received 0 car events and 0 bike events
2023-11-15 19:26:33,711 - basicLogger - DEBUG - Updated Stats: {'num_car_parkings': 51, 'max_car_cost': 9924, 'num_bike_events': 51, 'max_bike_cost': 12, 'last_updated': '2023-11-15T19:26:29Z'}
2023-11-15 19:26:33,711 - basicLogger - INFO - End Periodic Processing
2023-11-15 19:26:34,105 - basicLogger - INFO - Start Periodic Processing
2023-11-15 19:26:38,714 - basicLogger - INFO - Received 0 car events and 0 bike events
2023-11-15 19:26:38,715 - basicLogger - DEBUG - Updated Stats: {'num_car_parkings': 51, 'max_car_cost': 9924, 'num_bike_events': 51, 'max_bike_cost': 12, 'last_updated': '2023-11-15T19:26:34Z'}
2023-11-15 19:26:38,715 - basicLogger - INFO - End Periodic Processing
2023-11-15 19:26:39,106 - basicLogger - INFO - Start Periodic Processing
2023-11-15 19:26:43,756 - basicLogger - INFO - Received 0 car events and 0 bike events
2023-11-15 19:26:43,756 - basicLogger - DEBUG - Updated Stats: {'num_car_parkings': 51, 'max_car_cost': 9924, 'num_bike_events': 51, 'max_bike_cost': 12, 'last_updated': '2023-11-15T19:26:39Z'}
2023-11-15 19:26:43,756 - basicLogger - INFO - End Periodic Processing
2023-11-15 19:26:44,111 - basicLogger - INFO - Start Periodic Processing
2023-11-15 19:26:48,785 - basicLogger - INFO - Received 0 car events and 0 bike events
2023-11-15 19:26:48,786 - basicLogger - DEBUG - Updated Stats: {'num_car_parkings': 51, 'max_car_cost': 9924, 'num_bike_events': 51, 'max_bike_cost': 12, 'last_updated': '2023-11-15T19:26:44Z'}
2023-11-15 19:26:48,786 - basicLogger - INFO - End Periodic Processing
2023-11-15 19:26:49,113 - basicLogger - INFO - Start Periodic Processing
2023-11-15 19:26:53,730 - basicLogger - INFO - Received 0 car events and 0 bike events
2023-11-15 19:26:53,731 - basicLogger - DEBUG - Updated Stats: {'num_car_parkings': 51, 'max_car_cost': 9924, 'num_bike_events': 51, 'max_bike_cost': 12, 'last_updated': '2023-11-15T19:26:49Z'}
2023-11-15 19:26:53,731 - basicLogger - INFO - End Periodic Processing
2023-11-15 19:26:54,104 - basicLogger - INFO - Start Periodic Processing
2023-11-15 19:26:59,116 - basicLogger - INFO - Received 0 car events and 0 bike events
2023-11-15 19:26:59,117 - basicLogger - DEBUG - Updated Stats: {'num_car_parkings': 51, 'max_car_cost': 9924, 'num_bike_events': 51, 'max_bike_cost': 12, 'last_updated': '2023-11-15T19:26:54Z'}
2023-11-15 19:26:59,117 - basicLogger - INFO - End Periodic Processing
2023-11-15 19:27:04,105 - basicLogger - INFO - Start Periodic Processing
2023-11-15 19:27:09,377 - basicLogger - INFO - Received 0 car events and 0 bike events
2023-11-15 19:27:09,378 - basicLogger - DEBUG - Updated Stats: {'num_car_parkings': 51, 'max_car_cost': 9924, 'num_bike_events': 51, 'max_bike_cost': 12, 'last_updated': '2023-11-15T19:27:04Z'}
2023-11-15 19:27:09,379 - basicLogger - INFO - End Periodic Processing
2023-11-15 19:27:14,103 - basicLogger - INFO - Start Periodic Processing
2023-11-15 19:27:18,712 - basicLogger - INFO - Received 0 car events and 0 bike events
2023-11-15 19:27:18,713 - basicLogger - DEBUG - Updated Stats: {'num_car_parkings': 51, 'max_car_cost': 9924, 'num_bike_events': 51, 'max_bike_cost': 12, 'last_updated': '2023-11-15T19:27:14Z'}
2023-11-15 19:27:18,714 - basicLogger - INFO - End Periodic Processing
2023-11-15 19:27:19,113 - basicLogger - INFO - Start Periodic Processing
2023-11-15 19:27:23,724 - basicLogger - INFO - Received 0 car events and 0 bike events
2023-11-15 19:27:23,725 - basicLogger - DEBUG - Updated Stats: {'num_car_parkings': 51, 'max_car_cost': 9924, 'num_bike_events': 51, 'max_bike_cost': 12, 'last_updated': '2023-11-15T19:27:19Z'}
2023-11-15 19:27:23,725 - basicLogger - INFO - End Periodic Processing
2023-11-15 19:27:24,114 - basicLogger - INFO - Start Periodic Processing
2023-11-15 19:27:28,754 - basicLogger - INFO - Received 0 car events and 0 bike events
2023-11-15 19:27:28,755 - basicLogger - DEBUG - Updated Stats: {'num_car_parkings': 51, 'max_car_cost': 9924, 'num_bike_events': 51, 'max_bike_cost': 12, 'last_updated': '2023-11-15T19:27:24Z'}
2023-11-15 19:27:28,756 - basicLogger - INFO - End Periodic Processing
2023-11-15 19:27:29,108 - basicLogger - INFO - Start Periodic Processing
2023-11-15 19:27:33,708 - basicLogger - INFO - Received 0 car events and 0 bike events
2023-11-15 19:27:33,708 - basicLogger - DEBUG - Updated Stats: {'num_car_parkings': 51, 'max_car_cost': 9924, 'num_bike_events': 51, 'max_bike_cost': 12, 'last_updated': '2023-11-15T19:27:29Z'}
2023-11-15 19:27:33,708 - basicLogger - INFO - End Periodic Processing
2023-11-15 19:27:34,108 - basicLogger - INFO - Start Periodic Processing
2023-11-15 19:27:39,023 - basicLogger - INFO - Received 0 car events and 0 bike events
2023-11-15 19:27:39,024 - basicLogger - DEBUG - Updated Stats: {'num_car_parkings': 51, 'max_car_cost': 9924, 'num_bike_events': 51, 'max_bike_cost': 12, 'last_updated': '2023-11-15T19:27:34Z'}
2023-11-15 19:27:39,024 - basicLogger - INFO - End Periodic Processing
2023-11-15 19:27:39,112 - basicLogger - INFO - Start Periodic Processing
2023-11-15 19:27:44,460 - basicLogger - INFO - Received 0 car events and 0 bike events
2023-11-15 19:27:44,461 - basicLogger - DEBUG - Updated Stats: {'num_car_parkings': 51, 'max_car_cost': 9924, 'num_bike_events': 51, 'max_bike_cost': 12, 'last_updated': '2023-11-15T19:27:39Z'}
2023-11-15 19:27:44,462 - basicLogger - INFO - End Periodic Processing
2023-11-15 19:27:49,104 - basicLogger - INFO - Start Periodic Processing
2023-11-15 19:27:54,176 - basicLogger - INFO - Received 0 car events and 0 bike events
2023-11-15 19:27:54,177 - basicLogger - DEBUG - Updated Stats: {'num_car_parkings': 51, 'max_car_cost': 9924, 'num_bike_events': 51, 'max_bike_cost': 12, 'last_updated': '2023-11-15T19:27:49Z'}
2023-11-15 19:27:54,177 - basicLogger - INFO - End Periodic Processing
2023-11-15 19:27:59,108 - basicLogger - INFO - Start Periodic Processing
2023-11-15 19:28:03,711 - basicLogger - INFO - Received 0 car events and 0 bike events
2023-11-15 19:28:03,712 - basicLogger - DEBUG - Updated Stats: {'num_car_parkings': 51, 'max_car_cost': 9924, 'num_bike_events': 51, 'max_bike_cost': 12, 'last_updated': '2023-11-15T19:27:59Z'}
2023-11-15 19:28:03,712 - basicLogger - INFO - End Periodic Processing
2023-11-15 19:28:04,111 - basicLogger - INFO - Start Periodic Processing
2023-11-15 19:28:08,714 - basicLogger - INFO - Received 0 car events and 0 bike events
2023-11-15 19:28:08,714 - basicLogger - DEBUG - Updated Stats: {'num_car_parkings': 51, 'max_car_cost': 9924, 'num_bike_events': 51, 'max_bike_cost': 12, 'last_updated': '2023-11-15T19:28:04Z'}
2023-11-15 19:28:08,715 - basicLogger - INFO - End Periodic Processing
2023-11-15 19:28:09,108 - basicLogger - INFO - Start Periodic Processing
2023-11-15 19:28:14,018 - basicLogger - INFO - Received 0 car events and 0 bike events
2023-11-15 19:28:14,018 - basicLogger - DEBUG - Updated Stats: {'num_car_parkings': 51, 'max_car_cost': 9924, 'num_bike_events': 51, 'max_bike_cost': 12, 'last_updated': '2023-11-15T19:28:09Z'}
2023-11-15 19:28:14,019 - basicLogger - INFO - End Periodic Processing
2023-11-15 19:28:14,105 - basicLogger - INFO - Start Periodic Processing
2023-11-15 19:28:18,739 - basicLogger - INFO - Received 0 car events and 0 bike events
2023-11-15 19:28:18,740 - basicLogger - DEBUG - Updated Stats: {'num_car_parkings': 51, 'max_car_cost': 9924, 'num_bike_events': 51, 'max_bike_cost': 12, 'last_updated': '2023-11-15T19:28:14Z'}
2023-11-15 19:28:18,740 - basicLogger - INFO - End Periodic Processing
2023-11-15 19:28:19,113 - basicLogger - INFO - Start Periodic Processing
2023-11-15 19:28:23,728 - basicLogger - INFO - Received 0 car events and 0 bike events
2023-11-15 19:28:23,729 - basicLogger - DEBUG - Updated Stats: {'num_car_parkings': 51, 'max_car_cost': 9924, 'num_bike_events': 51, 'max_bike_cost': 12, 'last_updated': '2023-11-15T19:28:19Z'}
2023-11-15 19:28:23,729 - basicLogger - INFO - End Periodic Processing
2023-11-15 19:28:24,110 - basicLogger - INFO - Start Periodic Processing
2023-11-15 19:28:28,702 - basicLogger - INFO - Received 0 car events and 0 bike events
2023-11-15 19:28:28,703 - basicLogger - DEBUG - Updated Stats: {'num_car_parkings': 51, 'max_car_cost': 9924, 'num_bike_events': 51, 'max_bike_cost': 12, 'last_updated': '2023-11-15T19:28:24Z'}
2023-11-15 19:28:28,703 - basicLogger - INFO - End Periodic Processing
2023-11-15 19:28:29,104 - basicLogger - INFO - Start Periodic Processing
2023-11-15 19:28:33,753 - basicLogger - INFO - Received 0 car events and 0 bike events
2023-11-15 19:28:33,755 - basicLogger - DEBUG - Updated Stats: {'num_car_parkings': 51, 'max_car_cost': 9924, 'num_bike_events': 51, 'max_bike_cost': 12, 'last_updated': '2023-11-15T19:28:29Z'}
2023-11-15 19:28:33,755 - basicLogger - INFO - End Periodic Processing
2023-11-15 19:28:34,102 - basicLogger - INFO - Start Periodic Processing
2023-11-15 19:28:38,775 - basicLogger - INFO - Received 0 car events and 0 bike events
2023-11-15 19:28:38,775 - basicLogger - DEBUG - Updated Stats: {'num_car_parkings': 51, 'max_car_cost': 9924, 'num_bike_events': 51, 'max_bike_cost': 12, 'last_updated': '2023-11-15T19:28:34Z'}
2023-11-15 19:28:38,776 - basicLogger - INFO - End Periodic Processing
2023-11-15 19:28:39,104 - basicLogger - INFO - Start Periodic Processing
2023-11-15 19:28:43,719 - basicLogger - INFO - Received 0 car events and 0 bike events
2023-11-15 19:28:43,721 - basicLogger - DEBUG - Updated Stats: {'num_car_parkings': 51, 'max_car_cost': 9924, 'num_bike_events': 51, 'max_bike_cost': 12, 'last_updated': '2023-11-15T19:28:39Z'}
2023-11-15 19:28:43,721 - basicLogger - INFO - End Periodic Processing
2023-11-15 19:28:44,112 - basicLogger - INFO - Start Periodic Processing
2023-11-15 19:28:48,722 - basicLogger - INFO - Received 0 car events and 0 bike events
2023-11-15 19:28:48,723 - basicLogger - DEBUG - Updated Stats: {'num_car_parkings': 51, 'max_car_cost': 9924, 'num_bike_events': 51, 'max_bike_cost': 12, 'last_updated': '2023-11-15T19:28:44Z'}
2023-11-15 19:28:48,724 - basicLogger - INFO - End Periodic Processing
2023-11-15 19:28:49,102 - basicLogger - INFO - Start Periodic Processing
2023-11-15 19:28:53,688 - basicLogger - INFO - Received 0 car events and 0 bike events
2023-11-15 19:28:53,688 - basicLogger - DEBUG - Updated Stats: {'num_car_parkings': 51, 'max_car_cost': 9924, 'num_bike_events': 51, 'max_bike_cost': 12, 'last_updated': '2023-11-15T19:28:49Z'}
2023-11-15 19:28:53,689 - basicLogger - INFO - End Periodic Processing
2023-11-15 19:28:54,114 - basicLogger - INFO - Start Periodic Processing
2023-11-15 19:28:58,734 - basicLogger - INFO - Received 0 car events and 0 bike events
2023-11-15 19:28:58,734 - basicLogger - DEBUG - Updated Stats: {'num_car_parkings': 51, 'max_car_cost': 9924, 'num_bike_events': 51, 'max_bike_cost': 12, 'last_updated': '2023-11-15T19:28:54Z'}
2023-11-15 19:28:58,735 - basicLogger - INFO - End Periodic Processing
2023-11-15 19:28:59,107 - basicLogger - INFO - Start Periodic Processing
2023-11-15 19:29:03,753 - basicLogger - INFO - Received 0 car events and 0 bike events
2023-11-15 19:29:03,754 - basicLogger - DEBUG - Updated Stats: {'num_car_parkings': 51, 'max_car_cost': 9924, 'num_bike_events': 51, 'max_bike_cost': 12, 'last_updated': '2023-11-15T19:28:59Z'}
2023-11-15 19:29:03,754 - basicLogger - INFO - End Periodic Processing
2023-11-15 19:29:04,107 - basicLogger - INFO - Start Periodic Processing
2023-11-15 19:29:08,735 - basicLogger - INFO - Received 0 car events and 0 bike events
2023-11-15 19:29:08,736 - basicLogger - DEBUG - Updated Stats: {'num_car_parkings': 51, 'max_car_cost': 9924, 'num_bike_events': 51, 'max_bike_cost': 12, 'last_updated': '2023-11-15T19:29:04Z'}
2023-11-15 19:29:08,736 - basicLogger - INFO - End Periodic Processing
2023-11-15 19:29:09,115 - basicLogger - INFO - Start Periodic Processing
2023-11-15 19:29:13,696 - basicLogger - INFO - Received 0 car events and 0 bike events
2023-11-15 19:29:13,696 - basicLogger - DEBUG - Updated Stats: {'num_car_parkings': 51, 'max_car_cost': 9924, 'num_bike_events': 51, 'max_bike_cost': 12, 'last_updated': '2023-11-15T19:29:09Z'}
2023-11-15 19:29:13,697 - basicLogger - INFO - End Periodic Processing
2023-11-15 19:29:14,112 - basicLogger - INFO - Start Periodic Processing
2023-11-15 19:29:18,725 - basicLogger - INFO - Received 0 car events and 0 bike events
2023-11-15 19:29:18,726 - basicLogger - DEBUG - Updated Stats: {'num_car_parkings': 51, 'max_car_cost': 9924, 'num_bike_events': 51, 'max_bike_cost': 12, 'last_updated': '2023-11-15T19:29:14Z'}
2023-11-15 19:29:18,727 - basicLogger - INFO - End Periodic Processing
2023-11-15 19:29:19,111 - basicLogger - INFO - Start Periodic Processing
2023-11-15 19:29:23,719 - basicLogger - INFO - Received 0 car events and 0 bike events
2023-11-15 19:29:23,720 - basicLogger - DEBUG - Updated Stats: {'num_car_parkings': 51, 'max_car_cost': 9924, 'num_bike_events': 51, 'max_bike_cost': 12, 'last_updated': '2023-11-15T19:29:19Z'}
2023-11-15 19:29:23,721 - basicLogger - INFO - End Periodic Processing
2023-11-15 19:29:24,117 - basicLogger - INFO - Start Periodic Processing
2023-11-15 19:29:28,734 - basicLogger - INFO - Received 0 car events and 0 bike events
2023-11-15 19:29:28,734 - basicLogger - DEBUG - Updated Stats: {'num_car_parkings': 51, 'max_car_cost': 9924, 'num_bike_events': 51, 'max_bike_cost': 12, 'last_updated': '2023-11-15T19:29:24Z'}
2023-11-15 19:29:28,735 - basicLogger - INFO - End Periodic Processing
2023-11-15 19:29:29,104 - basicLogger - INFO - Start Periodic Processing
2023-11-15 19:29:34,026 - basicLogger - INFO - Received 0 car events and 0 bike events
2023-11-15 19:29:34,027 - basicLogger - DEBUG - Updated Stats: {'num_car_parkings': 51, 'max_car_cost': 9924, 'num_bike_events': 51, 'max_bike_cost': 12, 'last_updated': '2023-11-15T19:29:29Z'}
2023-11-15 19:29:34,027 - basicLogger - INFO - End Periodic Processing
2023-11-15 19:29:34,105 - basicLogger - INFO - Start Periodic Processing
2023-11-15 19:29:38,744 - basicLogger - INFO - Received 0 car events and 0 bike events
2023-11-15 19:29:38,745 - basicLogger - DEBUG - Updated Stats: {'num_car_parkings': 51, 'max_car_cost': 9924, 'num_bike_events': 51, 'max_bike_cost': 12, 'last_updated': '2023-11-15T19:29:34Z'}
2023-11-15 19:29:38,745 - basicLogger - INFO - End Periodic Processing
2023-11-15 19:29:39,103 - basicLogger - INFO - Start Periodic Processing
2023-11-15 19:29:43,705 - basicLogger - INFO - Received 0 car events and 0 bike events
2023-11-15 19:29:43,706 - basicLogger - DEBUG - Updated Stats: {'num_car_parkings': 51, 'max_car_cost': 9924, 'num_bike_events': 51, 'max_bike_cost': 12, 'last_updated': '2023-11-15T19:29:39Z'}
2023-11-15 19:29:43,707 - basicLogger - INFO - End Periodic Processing
2023-11-15 19:29:44,112 - basicLogger - INFO - Start Periodic Processing
2023-11-15 19:29:49,004 - basicLogger - INFO - Received 0 car events and 0 bike events
2023-11-15 19:29:49,005 - basicLogger - DEBUG - Updated Stats: {'num_car_parkings': 51, 'max_car_cost': 9924, 'num_bike_events': 51, 'max_bike_cost': 12, 'last_updated': '2023-11-15T19:29:44Z'}
2023-11-15 19:29:49,005 - basicLogger - INFO - End Periodic Processing
2023-11-15 19:29:49,102 - basicLogger - INFO - Start Periodic Processing
2023-11-15 19:29:53,705 - basicLogger - INFO - Received 0 car events and 0 bike events
2023-11-15 19:29:53,706 - basicLogger - DEBUG - Updated Stats: {'num_car_parkings': 51, 'max_car_cost': 9924, 'num_bike_events': 51, 'max_bike_cost': 12, 'last_updated': '2023-11-15T19:29:49Z'}
2023-11-15 19:29:53,706 - basicLogger - INFO - End Periodic Processing
2023-11-15 19:29:54,102 - basicLogger - INFO - Start Periodic Processing
2023-11-15 19:29:58,733 - basicLogger - INFO - Received 0 car events and 0 bike events
2023-11-15 19:29:58,734 - basicLogger - DEBUG - Updated Stats: {'num_car_parkings': 51, 'max_car_cost': 9924, 'num_bike_events': 51, 'max_bike_cost': 12, 'last_updated': '2023-11-15T19:29:54Z'}
2023-11-15 19:29:58,734 - basicLogger - INFO - End Periodic Processing
2023-11-15 19:29:59,114 - basicLogger - INFO - Start Periodic Processing
2023-11-15 19:30:03,822 - basicLogger - INFO - Received 0 car events and 0 bike events
2023-11-15 19:30:03,823 - basicLogger - DEBUG - Updated Stats: {'num_car_parkings': 51, 'max_car_cost': 9924, 'num_bike_events': 51, 'max_bike_cost': 12, 'last_updated': '2023-11-15T19:29:59Z'}
2023-11-15 19:30:03,823 - basicLogger - INFO - End Periodic Processing
2023-11-15 19:30:04,114 - basicLogger - INFO - Start Periodic Processing
2023-11-15 19:30:08,697 - basicLogger - INFO - Received 0 car events and 0 bike events
2023-11-15 19:30:08,697 - basicLogger - DEBUG - Updated Stats: {'num_car_parkings': 51, 'max_car_cost': 9924, 'num_bike_events': 51, 'max_bike_cost': 12, 'last_updated': '2023-11-15T19:30:04Z'}
2023-11-15 19:30:08,699 - basicLogger - INFO - End Periodic Processing
2023-11-15 19:30:09,106 - basicLogger - INFO - Start Periodic Processing
2023-11-15 19:30:13,677 - basicLogger - INFO - Received 0 car events and 0 bike events
2023-11-15 19:30:13,678 - basicLogger - DEBUG - Updated Stats: {'num_car_parkings': 51, 'max_car_cost': 9924, 'num_bike_events': 51, 'max_bike_cost': 12, 'last_updated': '2023-11-15T19:30:09Z'}
2023-11-15 19:30:13,679 - basicLogger - INFO - End Periodic Processing
2023-11-15 19:30:14,107 - basicLogger - INFO - Start Periodic Processing
2023-11-15 19:30:18,743 - basicLogger - INFO - Received 0 car events and 0 bike events
2023-11-15 19:30:18,743 - basicLogger - DEBUG - Updated Stats: {'num_car_parkings': 51, 'max_car_cost': 9924, 'num_bike_events': 51, 'max_bike_cost': 12, 'last_updated': '2023-11-15T19:30:14Z'}
2023-11-15 19:30:18,744 - basicLogger - INFO - End Periodic Processing
2023-11-15 19:30:19,107 - basicLogger - INFO - Start Periodic Processing
2023-11-15 19:30:23,726 - basicLogger - INFO - Received 0 car events and 0 bike events
2023-11-15 19:30:23,727 - basicLogger - DEBUG - Updated Stats: {'num_car_parkings': 51, 'max_car_cost': 9924, 'num_bike_events': 51, 'max_bike_cost': 12, 'last_updated': '2023-11-15T19:30:19Z'}
2023-11-15 19:30:23,727 - basicLogger - INFO - End Periodic Processing
2023-11-15 19:30:24,110 - basicLogger - INFO - Start Periodic Processing
2023-11-15 19:30:28,787 - basicLogger - INFO - Received 0 car events and 0 bike events
2023-11-15 19:30:28,787 - basicLogger - DEBUG - Updated Stats: {'num_car_parkings': 51, 'max_car_cost': 9924, 'num_bike_events': 51, 'max_bike_cost': 12, 'last_updated': '2023-11-15T19:30:24Z'}
2023-11-15 19:30:28,789 - basicLogger - INFO - End Periodic Processing
2023-11-15 19:30:29,111 - basicLogger - INFO - Start Periodic Processing
2023-11-15 19:30:33,704 - basicLogger - INFO - Received 0 car events and 0 bike events
2023-11-15 19:30:33,705 - basicLogger - DEBUG - Updated Stats: {'num_car_parkings': 51, 'max_car_cost': 9924, 'num_bike_events': 51, 'max_bike_cost': 12, 'last_updated': '2023-11-15T19:30:29Z'}
2023-11-15 19:30:33,705 - basicLogger - INFO - End Periodic Processing
2023-11-15 19:30:34,109 - basicLogger - INFO - Start Periodic Processing
2023-11-15 19:30:38,755 - basicLogger - INFO - Received 0 car events and 0 bike events
2023-11-15 19:30:38,756 - basicLogger - DEBUG - Updated Stats: {'num_car_parkings': 51, 'max_car_cost': 9924, 'num_bike_events': 51, 'max_bike_cost': 12, 'last_updated': '2023-11-15T19:30:34Z'}
2023-11-15 19:30:38,756 - basicLogger - INFO - End Periodic Processing
2023-11-15 19:30:39,101 - basicLogger - INFO - Start Periodic Processing
2023-11-15 19:30:43,767 - basicLogger - INFO - Received 0 car events and 0 bike events
2023-11-15 19:30:43,769 - basicLogger - DEBUG - Updated Stats: {'num_car_parkings': 51, 'max_car_cost': 9924, 'num_bike_events': 51, 'max_bike_cost': 12, 'last_updated': '2023-11-15T19:30:39Z'}
2023-11-15 19:30:43,769 - basicLogger - INFO - End Periodic Processing
2023-11-15 19:30:44,101 - basicLogger - INFO - Start Periodic Processing
2023-11-15 19:30:48,692 - basicLogger - INFO - Received 0 car events and 0 bike events
2023-11-15 19:30:48,693 - basicLogger - DEBUG - Updated Stats: {'num_car_parkings': 51, 'max_car_cost': 9924, 'num_bike_events': 51, 'max_bike_cost': 12, 'last_updated': '2023-11-15T19:30:44Z'}
2023-11-15 19:30:48,693 - basicLogger - INFO - End Periodic Processing
2023-11-15 19:30:49,110 - basicLogger - INFO - Start Periodic Processing
2023-11-15 19:30:53,742 - basicLogger - INFO - Received 0 car events and 0 bike events
2023-11-15 19:30:53,743 - basicLogger - DEBUG - Updated Stats: {'num_car_parkings': 51, 'max_car_cost': 9924, 'num_bike_events': 51, 'max_bike_cost': 12, 'last_updated': '2023-11-15T19:30:49Z'}
2023-11-15 19:30:53,743 - basicLogger - INFO - End Periodic Processing
2023-11-15 19:30:54,109 - basicLogger - INFO - Start Periodic Processing
2023-11-15 19:30:58,700 - basicLogger - INFO - Received 0 car events and 0 bike events
2023-11-15 19:30:58,701 - basicLogger - DEBUG - Updated Stats: {'num_car_parkings': 51, 'max_car_cost': 9924, 'num_bike_events': 51, 'max_bike_cost': 12, 'last_updated': '2023-11-15T19:30:54Z'}
2023-11-15 19:30:58,701 - basicLogger - INFO - End Periodic Processing
2023-11-15 19:30:59,107 - basicLogger - INFO - Start Periodic Processing
2023-11-15 19:31:03,722 - basicLogger - INFO - Received 0 car events and 0 bike events
2023-11-15 19:31:03,722 - basicLogger - DEBUG - Updated Stats: {'num_car_parkings': 51, 'max_car_cost': 9924, 'num_bike_events': 51, 'max_bike_cost': 12, 'last_updated': '2023-11-15T19:30:59Z'}
2023-11-15 19:31:03,722 - basicLogger - INFO - End Periodic Processing
2023-11-15 19:31:04,109 - basicLogger - INFO - Start Periodic Processing
