2023-11-13 13:10:49,867 - basicLogger - INFO - Query for parked cars after2021-02-05T12:39:16Z returns 51 results
2023-11-13 13:10:52,149 - basicLogger - INFO - Query for parked bikes after 2021-02-05T12:39:16Z returns 51 results
2023-11-13 13:10:58,956 - basicLogger - INFO - Query for parked cars after2023-11-13T13:10:46Z returns 0 results
2023-11-13 13:11:01,208 - basicLogger - INFO - Query for parked bikes after 2023-11-13T13:10:46Z returns 0 results
2023-11-13 13:11:03,970 - basicLogger - INFO - Query for parked cars after2023-11-13T13:10:56Z returns 0 results
2023-11-13 13:11:06,245 - basicLogger - INFO - Query for parked bikes after 2023-11-13T13:10:56Z returns 0 results
2023-11-13 13:11:08,976 - basicLogger - INFO - Query for parked cars after2023-11-13T13:11:01Z returns 0 results
2023-11-13 13:11:11,229 - basicLogger - INFO - Query for parked bikes after 2023-11-13T13:11:01Z returns 0 results
2023-11-13 13:11:13,960 - basicLogger - INFO - Query for parked cars after2023-11-13T13:11:06Z returns 0 results
2023-11-13 13:11:16,205 - basicLogger - INFO - Query for parked bikes after 2023-11-13T13:11:06Z returns 0 results
2023-11-13 13:11:18,946 - basicLogger - INFO - Query for parked cars after2023-11-13T13:11:11Z returns 0 results
2023-11-13 13:11:21,198 - basicLogger - INFO - Query for parked bikes after 2023-11-13T13:11:11Z returns 0 results
2023-11-13 13:11:23,961 - basicLogger - INFO - Query for parked cars after2023-11-13T13:11:16Z returns 0 results
2023-11-13 13:11:26,214 - basicLogger - INFO - Query for parked bikes after 2023-11-13T13:11:16Z returns 0 results
2023-11-13 13:11:28,966 - basicLogger - INFO - Query for parked cars after2023-11-13T13:11:21Z returns 0 results
2023-11-13 13:11:31,238 - basicLogger - INFO - Query for parked bikes after 2023-11-13T13:11:21Z returns 0 results
2023-11-13 13:11:33,961 - basicLogger - INFO - Query for parked cars after2023-11-13T13:11:26Z returns 0 results
2023-11-13 13:11:36,224 - basicLogger - INFO - Query for parked bikes after 2023-11-13T13:11:26Z returns 0 results
2023-11-13 13:11:38,986 - basicLogger - INFO - Query for parked cars after2023-11-13T13:11:31Z returns 0 results
2023-11-13 13:11:41,260 - basicLogger - INFO - Query for parked bikes after 2023-11-13T13:11:31Z returns 0 results
2023-11-13 13:11:43,971 - basicLogger - INFO - Query for parked cars after2023-11-13T13:11:36Z returns 0 results
2023-11-13 13:11:46,253 - basicLogger - INFO - Query for parked bikes after 2023-11-13T13:11:36Z returns 0 results
2023-11-13 13:11:48,966 - basicLogger - INFO - Query for parked cars after2023-11-13T13:11:41Z returns 0 results
2023-11-13 13:11:51,208 - basicLogger - INFO - Query for parked bikes after 2023-11-13T13:11:41Z returns 0 results
2023-11-13 13:11:53,951 - basicLogger - INFO - Query for parked cars after2023-11-13T13:11:46Z returns 0 results
2023-11-13 13:11:56,214 - basicLogger - INFO - Query for parked bikes after 2023-11-13T13:11:46Z returns 0 results
2023-11-13 13:11:58,966 - basicLogger - INFO - Query for parked cars after2023-11-13T13:11:51Z returns 0 results
2023-11-13 13:12:01,238 - basicLogger - INFO - Query for parked bikes after 2023-11-13T13:11:51Z returns 0 results
2023-11-13 13:12:03,974 - basicLogger - INFO - Query for parked cars after2023-11-13T13:11:56Z returns 0 results
2023-11-13 13:12:06,234 - basicLogger - INFO - Query for parked bikes after 2023-11-13T13:11:56Z returns 0 results
2023-11-13 13:12:08,984 - basicLogger - INFO - Query for parked cars after2023-11-13T13:12:01Z returns 0 results
2023-11-13 13:12:11,238 - basicLogger - INFO - Query for parked bikes after 2023-11-13T13:12:01Z returns 0 results
2023-11-13 13:12:13,961 - basicLogger - INFO - Query for parked cars after2023-11-13T13:12:06Z returns 0 results
2023-11-13 13:12:16,234 - basicLogger - INFO - Query for parked bikes after 2023-11-13T13:12:06Z returns 0 results
2023-11-13 13:12:18,976 - basicLogger - INFO - Query for parked cars after2023-11-13T13:12:11Z returns 0 results
2023-11-13 13:12:21,228 - basicLogger - INFO - Query for parked bikes after 2023-11-13T13:12:11Z returns 0 results
2023-11-13 13:12:23,971 - basicLogger - INFO - Query for parked cars after2023-11-13T13:12:16Z returns 0 results
2023-11-13 13:12:26,213 - basicLogger - INFO - Query for parked bikes after 2023-11-13T13:12:16Z returns 0 results
2023-11-13 13:12:28,966 - basicLogger - INFO - Query for parked cars after2023-11-13T13:12:21Z returns 0 results
2023-11-13 13:12:31,248 - basicLogger - INFO - Query for parked bikes after 2023-11-13T13:12:21Z returns 0 results
2023-11-13 13:12:33,971 - basicLogger - INFO - Query for parked cars after2023-11-13T13:12:26Z returns 0 results
2023-11-15 19:23:59,567 - basicLogger - INFO - Query for parked bikes after 2023-11-13T13:12:26Z returns 0 results
2023-11-15 19:24:06,414 - basicLogger - INFO - Query for parked cars after2023-11-13T13:12:26Z returns 0 results
2023-11-15 19:24:08,719 - basicLogger - INFO - Query for parked bikes after 2023-11-13T13:12:26Z returns 0 results
2023-11-15 19:24:11,470 - basicLogger - INFO - Query for parked cars after2023-11-15T19:24:04Z returns 0 results
2023-11-15 19:24:13,771 - basicLogger - INFO - Query for parked bikes after 2023-11-15T19:24:04Z returns 0 results
2023-11-15 19:24:16,411 - basicLogger - INFO - Query for parked cars after2023-11-15T19:24:09Z returns 0 results
2023-11-15 19:24:18,710 - basicLogger - INFO - Query for parked bikes after 2023-11-15T19:24:09Z returns 0 results
2023-11-15 19:24:21,427 - basicLogger - INFO - Query for parked cars after2023-11-15T19:24:14Z returns 0 results
2023-11-15 19:24:23,737 - basicLogger - INFO - Query for parked bikes after 2023-11-15T19:24:14Z returns 0 results
2023-11-15 19:24:26,401 - basicLogger - INFO - Query for parked cars after2023-11-15T19:24:19Z returns 0 results
2023-11-15 19:24:28,706 - basicLogger - INFO - Query for parked bikes after 2023-11-15T19:24:19Z returns 0 results
2023-11-15 19:24:31,403 - basicLogger - INFO - Query for parked cars after2023-11-15T19:24:24Z returns 0 results
2023-11-15 19:24:33,680 - basicLogger - INFO - Query for parked bikes after 2023-11-15T19:24:24Z returns 0 results
2023-11-15 19:24:36,406 - basicLogger - INFO - Query for parked cars after2023-11-15T19:24:29Z returns 0 results
2023-11-15 19:24:38,765 - basicLogger - INFO - Query for parked bikes after 2023-11-15T19:24:29Z returns 0 results
2023-11-15 19:24:41,412 - basicLogger - INFO - Query for parked cars after2023-11-15T19:24:34Z returns 0 results
2023-11-15 19:24:43,786 - basicLogger - INFO - Query for parked bikes after 2023-11-15T19:24:34Z returns 0 results
2023-11-15 19:24:46,394 - basicLogger - INFO - Query for parked cars after2023-11-15T19:24:39Z returns 0 results
2023-11-15 19:24:49,090 - basicLogger - INFO - Query for parked bikes after 2023-11-15T19:24:39Z returns 0 results
2023-11-15 19:24:51,898 - basicLogger - INFO - Query for parked cars after2023-11-15T19:24:44Z returns 0 results
2023-11-15 19:24:54,535 - basicLogger - INFO - Query for parked bikes after 2023-11-15T19:24:44Z returns 0 results
2023-11-15 19:25:01,732 - basicLogger - INFO - Query for parked cars after2023-11-15T19:24:49Z returns 0 results
2023-11-15 19:25:04,042 - basicLogger - INFO - Query for parked bikes after 2023-11-15T19:24:49Z returns 0 results
2023-11-15 19:25:06,403 - basicLogger - INFO - Query for parked cars after2023-11-15T19:24:59Z returns 0 results
2023-11-15 19:25:08,700 - basicLogger - INFO - Query for parked bikes after 2023-11-15T19:24:59Z returns 0 results
2023-11-15 19:25:11,389 - basicLogger - INFO - Query for parked cars after2023-11-15T19:25:04Z returns 0 results
2023-11-15 19:25:13,696 - basicLogger - INFO - Query for parked bikes after 2023-11-15T19:25:04Z returns 0 results
2023-11-15 19:25:16,424 - basicLogger - INFO - Query for parked cars after2023-11-15T19:25:09Z returns 0 results
2023-11-15 19:25:18,726 - basicLogger - INFO - Query for parked bikes after 2023-11-15T19:25:09Z returns 0 results
2023-11-15 19:25:21,407 - basicLogger - INFO - Query for parked cars after2023-11-15T19:25:14Z returns 0 results
2023-11-15 19:25:24,043 - basicLogger - INFO - Query for parked bikes after 2023-11-15T19:25:14Z returns 0 results
2023-11-15 19:25:26,411 - basicLogger - INFO - Query for parked cars after2023-11-15T19:25:19Z returns 0 results
2023-11-15 19:25:28,725 - basicLogger - INFO - Query for parked bikes after 2023-11-15T19:25:19Z returns 0 results
2023-11-15 19:25:31,429 - basicLogger - INFO - Query for parked cars after2023-11-15T19:25:24Z returns 0 results
2023-11-15 19:25:33,725 - basicLogger - INFO - Query for parked bikes after 2023-11-15T19:25:24Z returns 0 results
2023-11-15 19:25:36,737 - basicLogger - INFO - Query for parked cars after2023-11-15T19:25:29Z returns 0 results
2023-11-15 19:25:39,041 - basicLogger - INFO - Query for parked bikes after 2023-11-15T19:25:29Z returns 0 results
2023-11-15 19:25:41,401 - basicLogger - INFO - Query for parked cars after2023-11-15T19:25:34Z returns 0 results
2023-11-15 19:25:43,712 - basicLogger - INFO - Query for parked bikes after 2023-11-15T19:25:34Z returns 0 results
2023-11-15 19:25:46,400 - basicLogger - INFO - Query for parked cars after2023-11-15T19:25:39Z returns 0 results
2023-11-15 19:25:48,698 - basicLogger - INFO - Query for parked bikes after 2023-11-15T19:25:39Z returns 0 results
2023-11-15 19:25:51,404 - basicLogger - INFO - Query for parked cars after2023-11-15T19:25:44Z returns 0 results
2023-11-15 19:25:53,746 - basicLogger - INFO - Query for parked bikes after 2023-11-15T19:25:44Z returns 0 results
2023-11-15 19:25:56,398 - basicLogger - INFO - Query for parked cars after2023-11-15T19:25:49Z returns 0 results
2023-11-15 19:25:58,782 - basicLogger - INFO - Query for parked bikes after 2023-11-15T19:25:49Z returns 0 results
2023-11-15 19:26:01,404 - basicLogger - INFO - Query for parked cars after2023-11-15T19:25:54Z returns 0 results
2023-11-15 19:26:03,720 - basicLogger - INFO - Query for parked bikes after 2023-11-15T19:25:54Z returns 0 results
2023-11-15 19:26:06,428 - basicLogger - INFO - Query for parked cars after2023-11-15T19:25:59Z returns 0 results
2023-11-15 19:26:08,730 - basicLogger - INFO - Query for parked bikes after 2023-11-15T19:25:59Z returns 0 results
2023-11-15 19:26:11,417 - basicLogger - INFO - Query for parked cars after2023-11-15T19:26:04Z returns 0 results
2023-11-15 19:26:13,743 - basicLogger - INFO - Query for parked bikes after 2023-11-15T19:26:04Z returns 0 results
2023-11-15 19:26:16,803 - basicLogger - INFO - Query for parked cars after2023-11-15T19:26:09Z returns 0 results
2023-11-15 19:26:19,100 - basicLogger - INFO - Query for parked bikes after 2023-11-15T19:26:09Z returns 0 results
2023-11-15 19:26:26,408 - basicLogger - INFO - Query for parked cars after2023-11-15T19:26:14Z returns 0 results
2023-11-15 19:26:28,703 - basicLogger - INFO - Query for parked bikes after 2023-11-15T19:26:14Z returns 0 results
2023-11-15 19:26:31,377 - basicLogger - INFO - Query for parked cars after2023-11-15T19:26:24Z returns 0 results
2023-11-15 19:26:33,709 - basicLogger - INFO - Query for parked bikes after 2023-11-15T19:26:24Z returns 0 results
2023-11-15 19:26:36,411 - basicLogger - INFO - Query for parked cars after2023-11-15T19:26:29Z returns 0 results
2023-11-15 19:26:38,713 - basicLogger - INFO - Query for parked bikes after 2023-11-15T19:26:29Z returns 0 results
2023-11-15 19:26:41,445 - basicLogger - INFO - Query for parked cars after2023-11-15T19:26:34Z returns 0 results
2023-11-15 19:26:43,754 - basicLogger - INFO - Query for parked bikes after 2023-11-15T19:26:34Z returns 0 results
2023-11-15 19:26:46,393 - basicLogger - INFO - Query for parked cars after2023-11-15T19:26:39Z returns 0 results
2023-11-15 19:26:48,784 - basicLogger - INFO - Query for parked bikes after 2023-11-15T19:26:39Z returns 0 results
2023-11-15 19:26:51,425 - basicLogger - INFO - Query for parked cars after2023-11-15T19:26:44Z returns 0 results
2023-11-15 19:26:53,728 - basicLogger - INFO - Query for parked bikes after 2023-11-15T19:26:44Z returns 0 results
2023-11-15 19:26:56,804 - basicLogger - INFO - Query for parked cars after2023-11-15T19:26:49Z returns 0 results
2023-11-15 19:26:59,115 - basicLogger - INFO - Query for parked bikes after 2023-11-15T19:26:49Z returns 0 results
2023-11-15 19:27:06,752 - basicLogger - INFO - Query for parked cars after2023-11-15T19:26:54Z returns 0 results
2023-11-15 19:27:09,376 - basicLogger - INFO - Query for parked bikes after 2023-11-15T19:26:54Z returns 0 results
2023-11-15 19:27:16,399 - basicLogger - INFO - Query for parked cars after2023-11-15T19:27:04Z returns 0 results
2023-11-15 19:27:18,711 - basicLogger - INFO - Query for parked bikes after 2023-11-15T19:27:04Z returns 0 results
2023-11-15 19:27:21,407 - basicLogger - INFO - Query for parked cars after2023-11-15T19:27:14Z returns 0 results
2023-11-15 19:27:23,723 - basicLogger - INFO - Query for parked bikes after 2023-11-15T19:27:14Z returns 0 results
2023-11-15 19:27:26,412 - basicLogger - INFO - Query for parked cars after2023-11-15T19:27:19Z returns 0 results
2023-11-15 19:27:28,753 - basicLogger - INFO - Query for parked bikes after 2023-11-15T19:27:19Z returns 0 results
2023-11-15 19:27:31,393 - basicLogger - INFO - Query for parked cars after2023-11-15T19:27:24Z returns 0 results
2023-11-15 19:27:33,706 - basicLogger - INFO - Query for parked bikes after 2023-11-15T19:27:24Z returns 0 results
2023-11-15 19:27:36,696 - basicLogger - INFO - Query for parked cars after2023-11-15T19:27:29Z returns 0 results
2023-11-15 19:27:39,021 - basicLogger - INFO - Query for parked bikes after 2023-11-15T19:27:29Z returns 0 results
2023-11-15 19:27:41,733 - basicLogger - INFO - Query for parked cars after2023-11-15T19:27:34Z returns 0 results
2023-11-15 19:27:44,459 - basicLogger - INFO - Query for parked bikes after 2023-11-15T19:27:34Z returns 0 results
2023-11-15 19:27:51,872 - basicLogger - INFO - Query for parked cars after2023-11-15T19:27:39Z returns 0 results
2023-11-15 19:27:54,175 - basicLogger - INFO - Query for parked bikes after 2023-11-15T19:27:39Z returns 0 results
2023-11-15 19:28:01,410 - basicLogger - INFO - Query for parked cars after2023-11-15T19:27:49Z returns 0 results
2023-11-15 19:28:03,709 - basicLogger - INFO - Query for parked bikes after 2023-11-15T19:27:49Z returns 0 results
2023-11-15 19:28:06,403 - basicLogger - INFO - Query for parked cars after2023-11-15T19:27:59Z returns 0 results
2023-11-15 19:28:08,712 - basicLogger - INFO - Query for parked bikes after 2023-11-15T19:27:59Z returns 0 results
2023-11-15 19:28:11,399 - basicLogger - INFO - Query for parked cars after2023-11-15T19:28:04Z returns 0 results
2023-11-15 19:28:14,016 - basicLogger - INFO - Query for parked bikes after 2023-11-15T19:28:04Z returns 0 results
2023-11-15 19:28:16,429 - basicLogger - INFO - Query for parked cars after2023-11-15T19:28:09Z returns 0 results
2023-11-15 19:28:18,737 - basicLogger - INFO - Query for parked bikes after 2023-11-15T19:28:09Z returns 0 results
2023-11-15 19:28:21,425 - basicLogger - INFO - Query for parked cars after2023-11-15T19:28:14Z returns 0 results
2023-11-15 19:28:23,727 - basicLogger - INFO - Query for parked bikes after 2023-11-15T19:28:14Z returns 0 results
2023-11-15 19:28:26,413 - basicLogger - INFO - Query for parked cars after2023-11-15T19:28:19Z returns 0 results
2023-11-15 19:28:28,701 - basicLogger - INFO - Query for parked bikes after 2023-11-15T19:28:19Z returns 0 results
2023-11-15 19:28:31,451 - basicLogger - INFO - Query for parked cars after2023-11-15T19:28:24Z returns 0 results
2023-11-15 19:28:33,752 - basicLogger - INFO - Query for parked bikes after 2023-11-15T19:28:24Z returns 0 results
2023-11-15 19:28:36,474 - basicLogger - INFO - Query for parked cars after2023-11-15T19:28:29Z returns 0 results
2023-11-15 19:28:38,773 - basicLogger - INFO - Query for parked bikes after 2023-11-15T19:28:29Z returns 0 results
2023-11-15 19:28:41,410 - basicLogger - INFO - Query for parked cars after2023-11-15T19:28:34Z returns 0 results
2023-11-15 19:28:43,717 - basicLogger - INFO - Query for parked bikes after 2023-11-15T19:28:34Z returns 0 results
2023-11-15 19:28:46,408 - basicLogger - INFO - Query for parked cars after2023-11-15T19:28:39Z returns 0 results
2023-11-15 19:28:48,720 - basicLogger - INFO - Query for parked bikes after 2023-11-15T19:28:39Z returns 0 results
2023-11-15 19:28:51,402 - basicLogger - INFO - Query for parked cars after2023-11-15T19:28:44Z returns 0 results
2023-11-15 19:28:53,685 - basicLogger - INFO - Query for parked bikes after 2023-11-15T19:28:44Z returns 0 results
2023-11-15 19:28:56,427 - basicLogger - INFO - Query for parked cars after2023-11-15T19:28:49Z returns 0 results
2023-11-15 19:28:58,732 - basicLogger - INFO - Query for parked bikes after 2023-11-15T19:28:49Z returns 0 results
2023-11-15 19:29:01,407 - basicLogger - INFO - Query for parked cars after2023-11-15T19:28:54Z returns 0 results
2023-11-15 19:29:03,752 - basicLogger - INFO - Query for parked bikes after 2023-11-15T19:28:54Z returns 0 results
2023-11-15 19:29:06,427 - basicLogger - INFO - Query for parked cars after2023-11-15T19:28:59Z returns 0 results
2023-11-15 19:29:08,733 - basicLogger - INFO - Query for parked bikes after 2023-11-15T19:28:59Z returns 0 results
2023-11-15 19:29:11,400 - basicLogger - INFO - Query for parked cars after2023-11-15T19:29:04Z returns 0 results
2023-11-15 19:29:13,694 - basicLogger - INFO - Query for parked bikes after 2023-11-15T19:29:04Z returns 0 results
2023-11-15 19:29:16,413 - basicLogger - INFO - Query for parked cars after2023-11-15T19:29:09Z returns 0 results
2023-11-15 19:29:18,724 - basicLogger - INFO - Query for parked bikes after 2023-11-15T19:29:09Z returns 0 results
2023-11-15 19:29:21,416 - basicLogger - INFO - Query for parked cars after2023-11-15T19:29:14Z returns 0 results
2023-11-15 19:29:23,717 - basicLogger - INFO - Query for parked bikes after 2023-11-15T19:29:14Z returns 0 results
2023-11-15 19:29:26,421 - basicLogger - INFO - Query for parked cars after2023-11-15T19:29:19Z returns 0 results
2023-11-15 19:29:28,732 - basicLogger - INFO - Query for parked bikes after 2023-11-15T19:29:19Z returns 0 results
2023-11-15 19:29:31,410 - basicLogger - INFO - Query for parked cars after2023-11-15T19:29:24Z returns 0 results
2023-11-15 19:29:34,024 - basicLogger - INFO - Query for parked bikes after 2023-11-15T19:29:24Z returns 0 results
2023-11-15 19:29:36,420 - basicLogger - INFO - Query for parked cars after2023-11-15T19:29:29Z returns 0 results
2023-11-15 19:29:38,743 - basicLogger - INFO - Query for parked bikes after 2023-11-15T19:29:29Z returns 0 results
2023-11-15 19:29:41,393 - basicLogger - INFO - Query for parked cars after2023-11-15T19:29:34Z returns 0 results
2023-11-15 19:29:43,704 - basicLogger - INFO - Query for parked bikes after 2023-11-15T19:29:34Z returns 0 results
2023-11-15 19:29:46,719 - basicLogger - INFO - Query for parked cars after2023-11-15T19:29:39Z returns 0 results
2023-11-15 19:29:49,002 - basicLogger - INFO - Query for parked bikes after 2023-11-15T19:29:39Z returns 0 results
2023-11-15 19:29:51,397 - basicLogger - INFO - Query for parked cars after2023-11-15T19:29:44Z returns 0 results
2023-11-15 19:29:53,704 - basicLogger - INFO - Query for parked bikes after 2023-11-15T19:29:44Z returns 0 results
2023-11-15 19:29:56,442 - basicLogger - INFO - Query for parked cars after2023-11-15T19:29:49Z returns 0 results
2023-11-15 19:29:58,732 - basicLogger - INFO - Query for parked bikes after 2023-11-15T19:29:49Z returns 0 results
2023-11-15 19:30:01,547 - basicLogger - INFO - Query for parked cars after2023-11-15T19:29:54Z returns 0 results
2023-11-15 19:30:03,820 - basicLogger - INFO - Query for parked bikes after 2023-11-15T19:29:54Z returns 0 results
2023-11-15 19:30:06,405 - basicLogger - INFO - Query for parked cars after2023-11-15T19:29:59Z returns 0 results
2023-11-15 19:30:08,696 - basicLogger - INFO - Query for parked bikes after 2023-11-15T19:29:59Z returns 0 results
2023-11-15 19:30:11,399 - basicLogger - INFO - Query for parked cars after2023-11-15T19:30:04Z returns 0 results
2023-11-15 19:30:13,675 - basicLogger - INFO - Query for parked bikes after 2023-11-15T19:30:04Z returns 0 results
2023-11-15 19:30:16,432 - basicLogger - INFO - Query for parked cars after2023-11-15T19:30:09Z returns 0 results
2023-11-15 19:30:18,741 - basicLogger - INFO - Query for parked bikes after 2023-11-15T19:30:09Z returns 0 results
2023-11-15 19:30:21,419 - basicLogger - INFO - Query for parked cars after2023-11-15T19:30:14Z returns 0 results
2023-11-15 19:30:23,725 - basicLogger - INFO - Query for parked bikes after 2023-11-15T19:30:14Z returns 0 results
2023-11-15 19:30:26,439 - basicLogger - INFO - Query for parked cars after2023-11-15T19:30:19Z returns 0 results
2023-11-15 19:30:28,786 - basicLogger - INFO - Query for parked bikes after 2023-11-15T19:30:19Z returns 0 results
2023-11-15 19:30:31,413 - basicLogger - INFO - Query for parked cars after2023-11-15T19:30:24Z returns 0 results
2023-11-15 19:30:33,703 - basicLogger - INFO - Query for parked bikes after 2023-11-15T19:30:24Z returns 0 results
2023-11-15 19:30:36,439 - basicLogger - INFO - Query for parked cars after2023-11-15T19:30:29Z returns 0 results
2023-11-15 19:30:38,754 - basicLogger - INFO - Query for parked bikes after 2023-11-15T19:30:29Z returns 0 results
2023-11-15 19:30:41,465 - basicLogger - INFO - Query for parked cars after2023-11-15T19:30:34Z returns 0 results
2023-11-15 19:30:43,766 - basicLogger - INFO - Query for parked bikes after 2023-11-15T19:30:34Z returns 0 results
2023-11-15 19:30:46,409 - basicLogger - INFO - Query for parked cars after2023-11-15T19:30:39Z returns 0 results
2023-11-15 19:30:48,690 - basicLogger - INFO - Query for parked bikes after 2023-11-15T19:30:39Z returns 0 results
2023-11-15 19:30:51,412 - basicLogger - INFO - Query for parked cars after2023-11-15T19:30:44Z returns 0 results
2023-11-15 19:30:53,740 - basicLogger - INFO - Query for parked bikes after 2023-11-15T19:30:44Z returns 0 results
2023-11-15 19:30:56,396 - basicLogger - INFO - Query for parked cars after2023-11-15T19:30:49Z returns 0 results
2023-11-15 19:30:58,697 - basicLogger - INFO - Query for parked bikes after 2023-11-15T19:30:49Z returns 0 results
2023-11-15 19:31:01,419 - basicLogger - INFO - Query for parked cars after2023-11-15T19:30:54Z returns 0 results
2023-11-15 19:31:03,720 - basicLogger - INFO - Query for parked bikes after 2023-11-15T19:30:54Z returns 0 results
2023-11-15 19:33:58,761 - basicLogger - INFO - Query for parked cars after2023-11-15T19:30:59Z returns 0 results
2023-11-15 19:34:01,062 - basicLogger - INFO - Query for parked bikes after 2023-11-15T19:30:59Z returns 0 results
2023-11-15 19:34:07,751 - basicLogger - INFO - Query for parked cars after2023-11-15T19:33:55Z returns 0 results
2023-11-15 19:34:10,051 - basicLogger - INFO - Query for parked bikes after 2023-11-15T19:33:55Z returns 0 results
2023-11-15 19:34:12,722 - basicLogger - INFO - Query for parked cars after2023-11-15T19:34:05Z returns 0 results
2023-11-15 19:34:15,034 - basicLogger - INFO - Query for parked bikes after 2023-11-15T19:34:05Z returns 0 results
2023-11-15 19:34:17,723 - basicLogger - INFO - Query for parked cars after2023-11-15T19:34:10Z returns 0 results
2023-11-15 19:34:20,031 - basicLogger - INFO - Query for parked bikes after 2023-11-15T19:34:10Z returns 0 results
2023-11-15 19:34:22,728 - basicLogger - INFO - Query for parked cars after2023-11-15T19:34:15Z returns 0 results
2023-11-15 19:34:25,348 - basicLogger - INFO - Query for parked bikes after 2023-11-15T19:34:15Z returns 0 results
2023-11-15 19:34:27,715 - basicLogger - INFO - Query for parked cars after2023-11-15T19:34:20Z returns 0 results
2023-11-15 19:34:30,004 - basicLogger - INFO - Query for parked bikes after 2023-11-15T19:34:20Z returns 0 results
2023-11-15 19:34:32,730 - basicLogger - INFO - Query for parked cars after2023-11-15T19:34:25Z returns 0 results
2023-11-15 19:34:35,046 - basicLogger - INFO - Query for parked bikes after 2023-11-15T19:34:25Z returns 0 results
2023-11-15 19:34:37,723 - basicLogger - INFO - Query for parked cars after2023-11-15T19:34:30Z returns 0 results
2023-11-15 19:34:40,034 - basicLogger - INFO - Query for parked bikes after 2023-11-15T19:34:30Z returns 0 results
2023-11-15 19:34:42,722 - basicLogger - INFO - Query for parked cars after2023-11-15T19:34:35Z returns 0 results
2023-11-15 19:34:45,038 - basicLogger - INFO - Query for parked bikes after 2023-11-15T19:34:35Z returns 0 results
2023-11-15 19:34:47,712 - basicLogger - INFO - Query for parked cars after2023-11-15T19:34:40Z returns 0 results
2023-11-15 19:34:50,020 - basicLogger - INFO - Query for parked bikes after 2023-11-15T19:34:40Z returns 0 results
2023-11-15 19:34:52,708 - basicLogger - INFO - Query for parked cars after2023-11-15T19:34:45Z returns 0 results
2023-11-15 19:34:55,033 - basicLogger - INFO - Query for parked bikes after 2023-11-15T19:34:45Z returns 0 results
2023-11-15 19:34:57,723 - basicLogger - INFO - Query for parked cars after2023-11-15T19:34:50Z returns 0 results
2023-11-15 19:35:00,010 - basicLogger - INFO - Query for parked bikes after 2023-11-15T19:34:50Z returns 0 results
2023-11-15 19:35:02,732 - basicLogger - INFO - Query for parked cars after2023-11-15T19:34:55Z returns 0 results
2023-11-15 19:35:05,019 - basicLogger - INFO - Query for parked bikes after 2023-11-15T19:34:55Z returns 0 results
2023-11-15 19:35:07,793 - basicLogger - INFO - Query for parked cars after2023-11-15T19:35:00Z returns 0 results
2023-11-15 19:35:10,091 - basicLogger - INFO - Query for parked bikes after 2023-11-15T19:35:00Z returns 0 results
2023-11-15 19:35:12,702 - basicLogger - INFO - Query for parked cars after2023-11-15T19:35:05Z returns 0 results
2023-11-15 19:35:15,008 - basicLogger - INFO - Query for parked bikes after 2023-11-15T19:35:05Z returns 0 results
2023-11-15 19:35:18,023 - basicLogger - INFO - Query for parked cars after2023-11-15T19:35:10Z returns 0 results
2023-11-15 19:35:20,313 - basicLogger - INFO - Query for parked bikes after 2023-11-15T19:35:10Z returns 0 results
2023-11-15 19:35:22,690 - basicLogger - INFO - Query for parked cars after2023-11-15T19:35:15Z returns 0 results
2023-11-15 19:35:24,984 - basicLogger - INFO - Query for parked bikes after 2023-11-15T19:35:15Z returns 0 results
2023-11-15 19:35:27,738 - basicLogger - INFO - Query for parked cars after2023-11-15T19:35:20Z returns 0 results
2023-11-15 19:35:30,031 - basicLogger - INFO - Query for parked bikes after 2023-11-15T19:35:20Z returns 0 results
2023-11-15 19:35:32,725 - basicLogger - INFO - Query for parked cars after2023-11-15T19:35:25Z returns 0 results
2023-11-15 19:35:35,030 - basicLogger - INFO - Query for parked bikes after 2023-11-15T19:35:25Z returns 0 results
2023-11-15 19:35:37,701 - basicLogger - INFO - Query for parked cars after2023-11-15T19:35:30Z returns 0 results
2023-11-15 19:35:40,004 - basicLogger - INFO - Query for parked bikes after 2023-11-15T19:35:30Z returns 0 results
2023-11-15 19:35:42,717 - basicLogger - INFO - Query for parked cars after2023-11-15T19:35:35Z returns 0 results
2023-11-15 19:35:45,024 - basicLogger - INFO - Query for parked bikes after 2023-11-15T19:35:35Z returns 0 results
2023-11-15 19:35:47,693 - basicLogger - INFO - Query for parked cars after2023-11-15T19:35:40Z returns 0 results
2023-11-15 19:35:50,536 - basicLogger - INFO - Query for parked bikes after 2023-11-15T19:35:40Z returns 0 results
2023-11-15 19:35:53,358 - basicLogger - INFO - Message: {'type': 'bpt', 'datetime': '2023-11-16T03:35:53', 'payload': {'bike_id': 2309840, 'bike_model': 'Allez Sport', 'cost': 12, 'email': 'joidad@gmail.com', 'hours_parked': 5, 'timestamp': '2023-09-25 18:46:19', 'trace_id': '04077141-fda6-4562-bf07-17f081a7c9d0'}}
2023-11-15 19:35:55,868 - basicLogger - INFO - Message: {'type': 'cpt', 'datetime': '2023-11-16T03:35:55', 'payload': {'cost': 10, 'email': 'abcedf@gmail.com', 'hours_parked': 2, 'license_id': 'STG234', 'timestamp': '2023-09-28 15:45:30', 'trace_id': 'c32d0fc9-fddc-4058-ba2d-c350535e3048'}}
2023-11-15 19:35:55,869 - basicLogger - INFO - Processing Event1
2023-11-15 19:35:55,869 - basicLogger - INFO - cpt Data: {'cost': 10, 'email': 'abcedf@gmail.com', 'hours_parked': 2, 'license_id': 'STG234', 'timestamp': '2023-09-28 15:45:30', 'trace_id': 'c32d0fc9-fddc-4058-ba2d-c350535e3048'}
2023-11-15 19:35:57,709 - basicLogger - INFO - Query for parked cars after2023-11-15T19:35:45Z returns 1 results
2023-11-15 19:36:00,028 - basicLogger - INFO - Query for parked bikes after 2023-11-15T19:35:45Z returns 1 results
2023-11-15 19:36:02,698 - basicLogger - INFO - Query for parked cars after2023-11-15T19:35:55Z returns 1 results
2023-11-15 19:36:05,013 - basicLogger - INFO - Query for parked bikes after 2023-11-15T19:35:55Z returns 0 results
2023-11-15 19:36:07,723 - basicLogger - INFO - Query for parked cars after2023-11-15T19:36:00Z returns 0 results
2023-11-15 19:36:10,335 - basicLogger - INFO - Query for parked bikes after 2023-11-15T19:36:00Z returns 0 results
2023-11-15 19:36:12,714 - basicLogger - INFO - Query for parked cars after2023-11-15T19:36:05Z returns 0 results
2023-11-15 19:36:15,018 - basicLogger - INFO - Query for parked bikes after 2023-11-15T19:36:05Z returns 0 results
2023-11-15 19:36:17,727 - basicLogger - INFO - Query for parked cars after2023-11-15T19:36:10Z returns 0 results
2023-11-15 19:36:20,037 - basicLogger - INFO - Query for parked bikes after 2023-11-15T19:36:10Z returns 0 results
2023-11-15 19:36:22,841 - basicLogger - INFO - Query for parked cars after2023-11-15T19:36:15Z returns 0 results
2023-11-15 19:36:25,169 - basicLogger - INFO - Query for parked bikes after 2023-11-15T19:36:15Z returns 0 results
2023-11-15 19:36:27,686 - basicLogger - INFO - Query for parked cars after2023-11-15T19:36:20Z returns 0 results
2023-11-15 19:36:29,976 - basicLogger - INFO - Query for parked bikes after 2023-11-15T19:36:20Z returns 0 results
2023-11-15 19:36:32,719 - basicLogger - INFO - Query for parked cars after2023-11-15T19:36:25Z returns 0 results
2023-11-15 19:36:35,037 - basicLogger - INFO - Query for parked bikes after 2023-11-15T19:36:25Z returns 0 results
2023-11-15 19:36:37,714 - basicLogger - INFO - Query for parked cars after2023-11-15T19:36:30Z returns 0 results
2023-11-15 19:36:40,001 - basicLogger - INFO - Query for parked bikes after 2023-11-15T19:36:30Z returns 0 results
2023-11-15 19:36:42,720 - basicLogger - INFO - Query for parked cars after2023-11-15T19:36:35Z returns 0 results
2023-11-15 19:36:45,070 - basicLogger - INFO - Query for parked bikes after 2023-11-15T19:36:35Z returns 0 results
2023-11-15 19:36:47,704 - basicLogger - INFO - Query for parked cars after2023-11-15T19:36:40Z returns 0 results
2023-11-15 19:36:50,009 - basicLogger - INFO - Query for parked bikes after 2023-11-15T19:36:40Z returns 0 results
2023-11-15 19:36:52,754 - basicLogger - INFO - Query for parked cars after2023-11-15T19:36:45Z returns 0 results
2023-11-15 19:36:55,064 - basicLogger - INFO - Query for parked bikes after 2023-11-15T19:36:45Z returns 0 results
2023-11-15 19:36:57,704 - basicLogger - INFO - Query for parked cars after2023-11-15T19:36:50Z returns 0 results
2023-11-15 19:37:00,320 - basicLogger - INFO - Query for parked bikes after 2023-11-15T19:36:50Z returns 0 results
2023-11-15 19:37:02,716 - basicLogger - INFO - Query for parked cars after2023-11-15T19:36:55Z returns 0 results
2023-11-15 19:37:04,985 - basicLogger - INFO - Query for parked bikes after 2023-11-15T19:36:55Z returns 0 results
2023-11-15 19:37:07,716 - basicLogger - INFO - Query for parked cars after2023-11-15T19:37:00Z returns 0 results
2023-11-15 19:37:10,012 - basicLogger - INFO - Query for parked bikes after 2023-11-15T19:37:00Z returns 0 results
2023-11-15 19:37:12,702 - basicLogger - INFO - Query for parked cars after2023-11-15T19:37:05Z returns 0 results
2023-11-15 19:37:15,329 - basicLogger - INFO - Query for parked bikes after 2023-11-15T19:37:05Z returns 0 results
2023-11-15 19:37:17,719 - basicLogger - INFO - Query for parked cars after2023-11-15T19:37:10Z returns 0 results
2023-11-15 19:37:20,006 - basicLogger - INFO - Query for parked bikes after 2023-11-15T19:37:10Z returns 0 results
2023-11-15 19:37:22,720 - basicLogger - INFO - Query for parked cars after2023-11-15T19:37:15Z returns 0 results
2023-11-15 19:37:25,048 - basicLogger - INFO - Query for parked bikes after 2023-11-15T19:37:15Z returns 0 results
2023-11-15 19:37:27,708 - basicLogger - INFO - Query for parked cars after2023-11-15T19:37:20Z returns 0 results
2023-11-15 19:37:30,343 - basicLogger - INFO - Query for parked bikes after 2023-11-15T19:37:20Z returns 0 results
2023-11-15 19:37:33,251 - basicLogger - INFO - Query for parked cars after2023-11-15T19:37:25Z returns 0 results
2023-11-15 19:37:35,580 - basicLogger - INFO - Query for parked bikes after 2023-11-15T19:37:25Z returns 0 results
2023-11-15 19:37:42,736 - basicLogger - INFO - Query for parked cars after2023-11-15T19:37:30Z returns 0 results
2023-11-15 19:37:45,042 - basicLogger - INFO - Query for parked bikes after 2023-11-15T19:37:30Z returns 0 results
2023-11-15 19:37:47,703 - basicLogger - INFO - Query for parked cars after2023-11-15T19:37:40Z returns 0 results
2023-11-15 19:37:50,591 - basicLogger - INFO - Query for parked bikes after 2023-11-15T19:37:40Z returns 0 results
2023-11-15 19:37:57,716 - basicLogger - INFO - Query for parked cars after2023-11-15T19:37:45Z returns 0 results
2023-11-15 19:38:00,004 - basicLogger - INFO - Query for parked bikes after 2023-11-15T19:37:45Z returns 0 results
2023-11-15 19:38:02,726 - basicLogger - INFO - Query for parked cars after2023-11-15T19:37:55Z returns 0 results
2023-11-15 19:38:05,346 - basicLogger - INFO - Query for parked bikes after 2023-11-15T19:37:55Z returns 0 results
2023-11-15 19:38:07,698 - basicLogger - INFO - Query for parked cars after2023-11-15T19:38:00Z returns 0 results
2023-11-15 19:38:09,995 - basicLogger - INFO - Query for parked bikes after 2023-11-15T19:38:00Z returns 0 results
2023-11-15 19:38:13,048 - basicLogger - INFO - Query for parked cars after2023-11-15T19:38:05Z returns 0 results
2023-11-15 19:38:15,340 - basicLogger - INFO - Query for parked bikes after 2023-11-15T19:38:05Z returns 0 results
2023-11-15 19:38:18,050 - basicLogger - INFO - Query for parked cars after2023-11-15T19:38:10Z returns 0 results
2023-11-15 19:38:20,336 - basicLogger - INFO - Query for parked bikes after 2023-11-15T19:38:10Z returns 0 results
2023-11-15 19:38:22,694 - basicLogger - INFO - Query for parked cars after2023-11-15T19:38:15Z returns 0 results
2023-11-15 19:38:24,976 - basicLogger - INFO - Query for parked bikes after 2023-11-15T19:38:15Z returns 0 results
2023-11-15 19:38:27,711 - basicLogger - INFO - Query for parked cars after2023-11-15T19:38:20Z returns 0 results
2023-11-15 19:38:30,028 - basicLogger - INFO - Query for parked bikes after 2023-11-15T19:38:20Z returns 0 results
2023-11-15 19:38:32,719 - basicLogger - INFO - Query for parked cars after2023-11-15T19:38:25Z returns 0 results
2023-11-15 19:38:35,024 - basicLogger - INFO - Query for parked bikes after 2023-11-15T19:38:25Z returns 0 results
2023-11-15 19:38:37,730 - basicLogger - INFO - Query for parked cars after2023-11-15T19:38:30Z returns 0 results
2023-11-15 19:38:40,014 - basicLogger - INFO - Query for parked bikes after 2023-11-15T19:38:30Z returns 0 results
2023-11-15 19:38:42,727 - basicLogger - INFO - Query for parked cars after2023-11-15T19:38:35Z returns 0 results
2023-11-15 19:38:45,055 - basicLogger - INFO - Query for parked bikes after 2023-11-15T19:38:35Z returns 0 results
2023-11-15 19:38:47,709 - basicLogger - INFO - Query for parked cars after2023-11-15T19:38:40Z returns 0 results
2023-11-15 19:38:49,995 - basicLogger - INFO - Query for parked bikes after 2023-11-15T19:38:40Z returns 0 results
2023-11-15 19:38:52,712 - basicLogger - INFO - Query for parked cars after2023-11-15T19:38:45Z returns 0 results
2023-11-15 19:38:54,996 - basicLogger - INFO - Query for parked bikes after 2023-11-15T19:38:45Z returns 0 results
2023-11-15 19:38:58,031 - basicLogger - INFO - Query for parked cars after2023-11-15T19:38:50Z returns 0 results
2023-11-15 19:39:00,362 - basicLogger - INFO - Query for parked bikes after 2023-11-15T19:38:50Z returns 0 results
2023-11-15 19:39:02,707 - basicLogger - INFO - Query for parked cars after2023-11-15T19:38:55Z returns 0 results
2023-11-15 19:39:05,026 - basicLogger - INFO - Query for parked bikes after 2023-11-15T19:38:55Z returns 0 results
2023-11-15 19:39:07,697 - basicLogger - INFO - Query for parked cars after2023-11-15T19:39:00Z returns 0 results
2023-11-15 19:39:09,996 - basicLogger - INFO - Query for parked bikes after 2023-11-15T19:39:00Z returns 0 results
2023-11-15 19:39:12,810 - basicLogger - INFO - Query for parked cars after2023-11-15T19:39:05Z returns 0 results
2023-11-15 19:39:15,122 - basicLogger - INFO - Query for parked bikes after 2023-11-15T19:39:05Z returns 0 results
2023-11-15 19:39:17,741 - basicLogger - INFO - Query for parked cars after2023-11-15T19:39:10Z returns 0 results
2023-11-15 19:39:20,056 - basicLogger - INFO - Query for parked bikes after 2023-11-15T19:39:10Z returns 0 results
2023-11-15 19:39:22,740 - basicLogger - INFO - Query for parked cars after2023-11-15T19:39:15Z returns 0 results
2023-11-15 19:39:25,071 - basicLogger - INFO - Query for parked bikes after 2023-11-15T19:39:15Z returns 0 results
2023-11-15 19:39:27,717 - basicLogger - INFO - Query for parked cars after2023-11-15T19:39:20Z returns 0 results
2023-11-15 19:39:30,018 - basicLogger - INFO - Query for parked bikes after 2023-11-15T19:39:20Z returns 0 results
2023-11-15 19:39:32,727 - basicLogger - INFO - Query for parked cars after2023-11-15T19:39:25Z returns 0 results
2023-11-15 19:39:35,048 - basicLogger - INFO - Query for parked bikes after 2023-11-15T19:39:25Z returns 0 results
2023-11-15 19:39:37,771 - basicLogger - INFO - Query for parked cars after2023-11-15T19:39:30Z returns 0 results
2023-11-15 19:39:40,072 - basicLogger - INFO - Query for parked bikes after 2023-11-15T19:39:30Z returns 0 results
2023-11-15 19:39:42,729 - basicLogger - INFO - Query for parked cars after2023-11-15T19:39:35Z returns 0 results
2023-11-15 19:39:45,053 - basicLogger - INFO - Query for parked bikes after 2023-11-15T19:39:35Z returns 0 results
2023-11-15 19:39:47,719 - basicLogger - INFO - Query for parked cars after2023-11-15T19:39:40Z returns 0 results
2023-11-15 19:39:50,020 - basicLogger - INFO - Query for parked bikes after 2023-11-15T19:39:40Z returns 0 results
2023-11-15 19:39:52,728 - basicLogger - INFO - Query for parked cars after2023-11-15T19:39:45Z returns 0 results
2023-11-15 19:39:55,021 - basicLogger - INFO - Query for parked bikes after 2023-11-15T19:39:45Z returns 0 results
2023-11-15 19:39:57,741 - basicLogger - INFO - Query for parked cars after2023-11-15T19:39:50Z returns 0 results
2023-11-15 19:40:00,350 - basicLogger - INFO - Query for parked bikes after 2023-11-15T19:39:50Z returns 0 results
2023-11-15 19:40:02,694 - basicLogger - INFO - Query for parked cars after2023-11-15T19:39:55Z returns 0 results
2023-11-15 19:40:04,979 - basicLogger - INFO - Query for parked bikes after 2023-11-15T19:39:55Z returns 0 results
2023-11-15 19:40:07,704 - basicLogger - INFO - Query for parked cars after2023-11-15T19:40:00Z returns 0 results
2023-11-15 19:40:10,335 - basicLogger - INFO - Query for parked bikes after 2023-11-15T19:40:00Z returns 0 results
2023-11-15 19:40:12,696 - basicLogger - INFO - Query for parked cars after2023-11-15T19:40:05Z returns 0 results
2023-11-15 19:40:14,976 - basicLogger - INFO - Query for parked bikes after 2023-11-15T19:40:05Z returns 0 results
2023-11-15 19:40:17,694 - basicLogger - INFO - Query for parked cars after2023-11-15T19:40:10Z returns 0 results
2023-11-15 19:40:19,980 - basicLogger - INFO - Query for parked bikes after 2023-11-15T19:40:10Z returns 0 results
2023-11-15 19:40:22,710 - basicLogger - INFO - Query for parked cars after2023-11-15T19:40:15Z returns 0 results
2023-11-15 19:40:25,001 - basicLogger - INFO - Query for parked bikes after 2023-11-15T19:40:15Z returns 0 results
2023-11-15 19:40:27,718 - basicLogger - INFO - Query for parked cars after2023-11-15T19:40:20Z returns 0 results
2023-11-15 19:40:30,251 - basicLogger - INFO - Query for parked bikes after 2023-11-15T19:40:20Z returns 0 results
2023-11-15 19:40:32,717 - basicLogger - INFO - Query for parked cars after2023-11-15T19:40:25Z returns 0 results
2023-11-15 19:40:35,011 - basicLogger - INFO - Query for parked bikes after 2023-11-15T19:40:25Z returns 0 results
2023-11-15 19:40:37,708 - basicLogger - INFO - Query for parked cars after2023-11-15T19:40:30Z returns 0 results
2023-11-15 19:40:40,029 - basicLogger - INFO - Query for parked bikes after 2023-11-15T19:40:30Z returns 0 results
2023-11-15 19:40:42,702 - basicLogger - INFO - Query for parked cars after2023-11-15T19:40:35Z returns 0 results
2023-11-15 19:40:44,978 - basicLogger - INFO - Query for parked bikes after 2023-11-15T19:40:35Z returns 0 results
2023-11-15 19:40:47,703 - basicLogger - INFO - Query for parked cars after2023-11-15T19:40:40Z returns 0 results
2023-11-15 19:40:49,988 - basicLogger - INFO - Query for parked bikes after 2023-11-15T19:40:40Z returns 0 results
2023-11-15 19:40:52,693 - basicLogger - INFO - Query for parked cars after2023-11-15T19:40:45Z returns 0 results
2023-11-15 19:40:55,329 - basicLogger - INFO - Query for parked bikes after 2023-11-15T19:40:45Z returns 0 results
2023-11-15 19:40:57,707 - basicLogger - INFO - Query for parked cars after2023-11-15T19:40:50Z returns 0 results
2023-11-15 19:41:00,028 - basicLogger - INFO - Query for parked bikes after 2023-11-15T19:40:50Z returns 0 results
2023-11-15 19:41:02,703 - basicLogger - INFO - Query for parked cars after2023-11-15T19:40:55Z returns 0 results
2023-11-15 19:41:05,002 - basicLogger - INFO - Query for parked bikes after 2023-11-15T19:40:55Z returns 0 results
2023-11-15 19:41:07,717 - basicLogger - INFO - Query for parked cars after2023-11-15T19:41:00Z returns 0 results
2023-11-15 19:41:10,007 - basicLogger - INFO - Query for parked bikes after 2023-11-15T19:41:00Z returns 0 results
2023-11-15 19:41:12,723 - basicLogger - INFO - Query for parked cars after2023-11-15T19:41:05Z returns 0 results
2023-11-15 19:41:15,003 - basicLogger - INFO - Query for parked bikes after 2023-11-15T19:41:05Z returns 0 results
2023-11-15 19:41:17,732 - basicLogger - INFO - Query for parked cars after2023-11-15T19:41:10Z returns 0 results
2023-11-15 19:41:20,031 - basicLogger - INFO - Query for parked bikes after 2023-11-15T19:41:10Z returns 0 results
2023-11-15 19:41:22,696 - basicLogger - INFO - Query for parked cars after2023-11-15T19:41:15Z returns 0 results
2023-11-15 19:41:24,985 - basicLogger - INFO - Query for parked bikes after 2023-11-15T19:41:15Z returns 0 results
2023-11-15 19:41:27,702 - basicLogger - INFO - Query for parked cars after2023-11-15T19:41:20Z returns 0 results
2023-11-15 19:41:29,997 - basicLogger - INFO - Query for parked bikes after 2023-11-15T19:41:20Z returns 0 results
2023-11-15 19:41:32,701 - basicLogger - INFO - Query for parked cars after2023-11-15T19:41:25Z returns 0 results
2023-11-15 19:41:35,011 - basicLogger - INFO - Query for parked bikes after 2023-11-15T19:41:25Z returns 0 results
2023-11-15 19:41:37,701 - basicLogger - INFO - Query for parked cars after2023-11-15T19:41:30Z returns 0 results
2023-11-15 19:41:40,010 - basicLogger - INFO - Query for parked bikes after 2023-11-15T19:41:30Z returns 0 results
2023-11-15 19:41:42,705 - basicLogger - INFO - Query for parked cars after2023-11-15T19:41:35Z returns 0 results
2023-11-15 19:41:45,018 - basicLogger - INFO - Query for parked bikes after 2023-11-15T19:41:35Z returns 0 results
2023-11-15 19:41:48,037 - basicLogger - INFO - Query for parked cars after2023-11-15T19:41:40Z returns 0 results
2023-11-15 19:41:50,340 - basicLogger - INFO - Query for parked bikes after 2023-11-15T19:41:40Z returns 0 results
2023-11-15 19:41:52,821 - basicLogger - INFO - Query for parked cars after2023-11-15T19:41:45Z returns 0 results
2023-11-15 19:41:55,110 - basicLogger - INFO - Query for parked bikes after 2023-11-15T19:41:45Z returns 0 results
2023-11-15 19:41:57,728 - basicLogger - INFO - Query for parked cars after2023-11-15T19:41:50Z returns 0 results
2023-11-15 19:42:00,022 - basicLogger - INFO - Query for parked bikes after 2023-11-15T19:41:50Z returns 0 results
2023-11-15 19:42:02,693 - basicLogger - INFO - Query for parked cars after2023-11-15T19:41:55Z returns 0 results
2023-11-15 19:42:04,987 - basicLogger - INFO - Query for parked bikes after 2023-11-15T19:41:55Z returns 0 results
2023-11-15 19:42:07,714 - basicLogger - INFO - Query for parked cars after2023-11-15T19:42:00Z returns 0 results
2023-11-15 19:42:09,998 - basicLogger - INFO - Query for parked bikes after 2023-11-15T19:42:00Z returns 0 results
2023-11-15 19:42:12,697 - basicLogger - INFO - Query for parked cars after2023-11-15T19:42:05Z returns 0 results
2023-11-15 19:47:24,978 - basicLogger - INFO - Message: {'type': 'cpt', 'datetime': '2023-11-16T03:46:57', 'payload': {'cost': 10, 'email': 'abcedf@gmail.com', 'hours_parked': 2, 'license_id': 'STG234', 'timestamp': '2023-09-28 15:45:30', 'trace_id': '86770f36-0c57-4ecc-8fc9-8ff61df7d8a3'}}
2023-11-15 19:47:24,979 - basicLogger - INFO - Processing Event1
2023-11-15 19:47:24,979 - basicLogger - INFO - cpt Data: {'cost': 10, 'email': 'abcedf@gmail.com', 'hours_parked': 2, 'license_id': 'STG234', 'timestamp': '2023-09-28 15:45:30', 'trace_id': '86770f36-0c57-4ecc-8fc9-8ff61df7d8a3'}
2023-11-15 19:47:27,211 - basicLogger - INFO - Message: {'type': 'bpt', 'datetime': '2023-11-16T03:47:04', 'payload': {'bike_id': 2309840, 'bike_model': 'Allez Sport', 'cost': 12, 'email': 'joidad@gmail.com', 'hours_parked': 5, 'timestamp': '2023-09-25 18:46:19', 'trace_id': '3cc7ddaf-7efb-4522-813d-4d997a02de1e'}}
2023-11-15 19:47:27,843 - basicLogger - INFO - Message: {'type': 'cpt', 'datetime': '2023-11-16T03:47:09', 'payload': {'cost': 10, 'email': 'abcedf@gmail.com', 'hours_parked': 2, 'license_id': 'STG234', 'timestamp': '2023-09-28 15:45:30', 'trace_id': 'd2691ff7-b88e-4841-a3bf-f8077e9eac0b'}}
2023-11-15 19:47:27,843 - basicLogger - INFO - Processing Event1
2023-11-15 19:47:27,844 - basicLogger - INFO - cpt Data: {'cost': 10, 'email': 'abcedf@gmail.com', 'hours_parked': 2, 'license_id': 'STG234', 'timestamp': '2023-09-28 15:45:30', 'trace_id': 'd2691ff7-b88e-4841-a3bf-f8077e9eac0b'}
2023-11-15 19:47:28,183 - basicLogger - INFO - Message: {'type': 'bpt', 'datetime': '2023-11-16T03:47:11', 'payload': {'bike_id': 2309840, 'bike_model': 'Allez Sport', 'cost': 12, 'email': 'joidad@gmail.com', 'hours_parked': 5, 'timestamp': '2023-09-25 18:46:19', 'trace_id': '642bff82-9081-41fc-b35c-780665b2c9b9'}}
2023-11-15 19:47:41,671 - basicLogger - INFO - Query for parked cars after2023-11-15T19:42:05Z returns 2 results
2023-11-15 19:47:43,951 - basicLogger - INFO - Query for parked bikes after 2023-11-15T19:42:05Z returns 2 results
2023-11-15 19:47:50,313 - basicLogger - INFO - Query for parked cars after2023-11-15T19:47:38Z returns 0 results
2023-11-15 19:47:52,613 - basicLogger - INFO - Query for parked bikes after 2023-11-15T19:47:38Z returns 0 results
2023-11-15 19:47:55,326 - basicLogger - INFO - Query for parked cars after2023-11-15T19:47:48Z returns 0 results
2023-11-15 19:47:56,338 - basicLogger - INFO - Message: {'type': 'bpt', 'datetime': '2023-11-16T03:47:56', 'payload': {'bike_id': 2309840, 'bike_model': 'Allez Sport', 'cost': 12, 'email': 'joidad@gmail.com', 'hours_parked': 5, 'timestamp': '2023-09-25 18:46:19', 'trace_id': '00f96987-942e-4cad-a804-c0e1490d3e79'}}
2023-11-15 19:47:57,627 - basicLogger - INFO - Query for parked bikes after 2023-11-15T19:47:48Z returns 1 results
2023-11-15 19:48:00,298 - basicLogger - INFO - Query for parked cars after2023-11-15T19:47:53Z returns 0 results
2023-11-15 19:48:01,635 - basicLogger - INFO - Message: {'type': 'cpt', 'datetime': '2023-11-16T03:48:01', 'payload': {'cost': 10, 'email': 'abcedf@gmail.com', 'hours_parked': 2, 'license_id': 'STG234', 'timestamp': '2023-09-28 15:45:30', 'trace_id': '4ed51c4a-8520-46fe-9c3a-bc545183d984'}}
2023-11-15 19:48:01,635 - basicLogger - INFO - Processing Event1
2023-11-15 19:48:01,635 - basicLogger - INFO - cpt Data: {'cost': 10, 'email': 'abcedf@gmail.com', 'hours_parked': 2, 'license_id': 'STG234', 'timestamp': '2023-09-28 15:45:30', 'trace_id': '4ed51c4a-8520-46fe-9c3a-bc545183d984'}
2023-11-15 19:48:02,601 - basicLogger - INFO - Query for parked bikes after 2023-11-15T19:47:53Z returns 1 results
2023-11-15 19:48:05,301 - basicLogger - INFO - Query for parked cars after2023-11-15T19:47:58Z returns 1 results
2023-11-15 19:48:07,586 - basicLogger - INFO - Query for parked bikes after 2023-11-15T19:47:58Z returns 0 results
2023-11-15 19:48:10,325 - basicLogger - INFO - Query for parked cars after2023-11-15T19:48:03Z returns 0 results
2023-11-15 19:48:12,932 - basicLogger - INFO - Query for parked bikes after 2023-11-15T19:48:03Z returns 0 results
2023-11-15 19:48:15,325 - basicLogger - INFO - Query for parked cars after2023-11-15T19:48:08Z returns 0 results
2023-11-15 19:48:17,952 - basicLogger - INFO - Query for parked bikes after 2023-11-15T19:48:08Z returns 0 results
2023-11-15 19:48:20,306 - basicLogger - INFO - Query for parked cars after2023-11-15T19:48:13Z returns 0 results
2023-11-15 19:48:22,617 - basicLogger - INFO - Query for parked bikes after 2023-11-15T19:48:13Z returns 0 results
2023-11-15 19:48:25,308 - basicLogger - INFO - Query for parked cars after2023-11-15T19:48:18Z returns 0 results
2023-11-15 19:48:27,640 - basicLogger - INFO - Query for parked bikes after 2023-11-15T19:48:18Z returns 0 results
2023-11-15 19:48:30,312 - basicLogger - INFO - Query for parked cars after2023-11-15T19:48:23Z returns 0 results
2023-11-15 19:48:32,602 - basicLogger - INFO - Query for parked bikes after 2023-11-15T19:48:23Z returns 0 results
2023-11-15 19:48:35,385 - basicLogger - INFO - Query for parked cars after2023-11-15T19:48:28Z returns 0 results
2023-11-15 19:48:37,677 - basicLogger - INFO - Query for parked bikes after 2023-11-15T19:48:28Z returns 0 results
2023-11-15 19:48:40,331 - basicLogger - INFO - Query for parked cars after2023-11-15T19:48:33Z returns 0 results
2023-11-15 19:48:42,623 - basicLogger - INFO - Query for parked bikes after 2023-11-15T19:48:33Z returns 0 results
2023-11-15 19:48:45,636 - basicLogger - INFO - Query for parked cars after2023-11-15T19:48:38Z returns 0 results
2023-11-15 19:48:48,140 - basicLogger - INFO - Query for parked bikes after 2023-11-15T19:48:38Z returns 0 results
2023-11-15 19:48:55,326 - basicLogger - INFO - Query for parked cars after2023-11-15T19:48:43Z returns 0 results
2023-11-15 19:48:57,627 - basicLogger - INFO - Query for parked bikes after 2023-11-15T19:48:43Z returns 0 results
2023-11-15 19:49:00,301 - basicLogger - INFO - Query for parked cars after2023-11-15T19:48:53Z returns 0 results
2023-11-15 19:49:02,608 - basicLogger - INFO - Query for parked bikes after 2023-11-15T19:48:53Z returns 0 results
2023-11-15 19:49:05,313 - basicLogger - INFO - Query for parked cars after2023-11-15T19:48:58Z returns 0 results
2023-11-15 19:49:08,004 - basicLogger - INFO - Query for parked bikes after 2023-11-15T19:48:58Z returns 0 results
2023-11-15 19:49:10,328 - basicLogger - INFO - Query for parked cars after2023-11-15T19:49:03Z returns 0 results
2023-11-15 19:49:12,621 - basicLogger - INFO - Query for parked bikes after 2023-11-15T19:49:03Z returns 0 results
2023-11-15 19:49:15,442 - basicLogger - INFO - Query for parked cars after2023-11-15T19:49:08Z returns 0 results
2023-11-15 19:49:17,739 - basicLogger - INFO - Query for parked bikes after 2023-11-15T19:49:08Z returns 0 results
2023-11-15 19:49:20,406 - basicLogger - INFO - Query for parked cars after2023-11-15T19:49:13Z returns 0 results
2023-11-15 19:49:22,700 - basicLogger - INFO - Query for parked bikes after 2023-11-15T19:49:13Z returns 0 results
2023-11-15 19:49:25,326 - basicLogger - INFO - Query for parked cars after2023-11-15T19:49:18Z returns 0 results
2023-11-15 19:49:27,639 - basicLogger - INFO - Query for parked bikes after 2023-11-15T19:49:18Z returns 0 results
2023-11-15 19:49:30,325 - basicLogger - INFO - Query for parked cars after2023-11-15T19:49:23Z returns 0 results
2023-11-15 19:49:32,618 - basicLogger - INFO - Query for parked bikes after 2023-11-15T19:49:23Z returns 0 results
2023-11-15 19:49:35,311 - basicLogger - INFO - Query for parked cars after2023-11-15T19:49:28Z returns 0 results
2023-11-15 19:49:37,619 - basicLogger - INFO - Query for parked bikes after 2023-11-15T19:49:28Z returns 0 results
2023-11-15 19:49:40,335 - basicLogger - INFO - Query for parked cars after2023-11-15T19:49:33Z returns 0 results
2023-11-15 19:49:42,651 - basicLogger - INFO - Query for parked bikes after 2023-11-15T19:49:33Z returns 0 results
2023-11-15 19:49:45,293 - basicLogger - INFO - Query for parked cars after2023-11-15T19:49:38Z returns 0 results
2023-11-15 19:49:47,577 - basicLogger - INFO - Query for parked bikes after 2023-11-15T19:49:38Z returns 0 results
2023-11-15 19:49:50,631 - basicLogger - INFO - Query for parked cars after2023-11-15T19:49:43Z returns 0 results
